  c课设c语言部分.cpp
c:\william liu\c课设(winformui)\c课设c语言部分\c课设c语言部分\c课设c语言部分.cpp(86): warning C4996: 'fopen': This function or variable may be unsafe. Consider using fopen_s instead. To disable deprecation, use _CRT_SECURE_NO_WARNINGS. See online help for details.
  c:\program files (x86)\windows kits\10\include\10.0.15063.0\ucrt\stdio.h(207): note: 参见“fopen”的声明
c:\william liu\c课设(winformui)\c课设c语言部分\c课设c语言部分\c课设c语言部分.cpp(96): warning C4996: 'fscanf': This function or variable may be unsafe. Consider using fscanf_s instead. To disable deprecation, use _CRT_SECURE_NO_WARNINGS. See online help for details.
  c:\program files (x86)\windows kits\10\include\10.0.15063.0\ucrt\stdio.h(1195): note: 参见“fscanf”的声明
c:\william liu\c课设(winformui)\c课设c语言部分\c课设c语言部分\c课设c语言部分.cpp(108): warning C4996: 'fscanf': This function or variable may be unsafe. Consider using fscanf_s instead. To disable deprecation, use _CRT_SECURE_NO_WARNINGS. See online help for details.
  c:\program files (x86)\windows kits\10\include\10.0.15063.0\ucrt\stdio.h(1195): note: 参见“fscanf”的声明
c:\william liu\c课设(winformui)\c课设c语言部分\c课设c语言部分\c课设c语言部分.cpp(109): warning C4996: 'fscanf': This function or variable may be unsafe. Consider using fscanf_s instead. To disable deprecation, use _CRT_SECURE_NO_WARNINGS. See online help for details.
  c:\program files (x86)\windows kits\10\include\10.0.15063.0\ucrt\stdio.h(1195): note: 参见“fscanf”的声明
c:\william liu\c课设(winformui)\c课设c语言部分\c课设c语言部分\c课设c语言部分.cpp(110): warning C4996: 'fscanf': This function or variable may be unsafe. Consider using fscanf_s instead. To disable deprecation, use _CRT_SECURE_NO_WARNINGS. See online help for details.
  c:\program files (x86)\windows kits\10\include\10.0.15063.0\ucrt\stdio.h(1195): note: 参见“fscanf”的声明
c:\william liu\c课设(winformui)\c课设c语言部分\c课设c语言部分\c课设c语言部分.cpp(118): warning C4996: 'fopen': This function or variable may be unsafe. Consider using fopen_s instead. To disable deprecation, use _CRT_SECURE_NO_WARNINGS. See online help for details.
  c:\program files (x86)\windows kits\10\include\10.0.15063.0\ucrt\stdio.h(207): note: 参见“fopen”的声明
c:\william liu\c课设(winformui)\c课设c语言部分\c课设c语言部分\c课设c语言部分.cpp(129): warning C4996: 'fscanf': This function or variable may be unsafe. Consider using fscanf_s instead. To disable deprecation, use _CRT_SECURE_NO_WARNINGS. See online help for details.
  c:\program files (x86)\windows kits\10\include\10.0.15063.0\ucrt\stdio.h(1195): note: 参见“fscanf”的声明
c:\william liu\c课设(winformui)\c课设c语言部分\c课设c语言部分\c课设c语言部分.cpp(138): warning C4996: 'strcpy': This function or variable may be unsafe. Consider using strcpy_s instead. To disable deprecation, use _CRT_SECURE_NO_WARNINGS. See online help for details.
  c:\program files (x86)\windows kits\10\include\10.0.15063.0\ucrt\string.h(136): note: 参见“strcpy”的声明
c:\william liu\c课设(winformui)\c课设c语言部分\c课设c语言部分\c课设c语言部分.cpp(141): warning C4996: 'fscanf': This function or variable may be unsafe. Consider using fscanf_s instead. To disable deprecation, use _CRT_SECURE_NO_WARNINGS. See online help for details.
  c:\program files (x86)\windows kits\10\include\10.0.15063.0\ucrt\stdio.h(1195): note: 参见“fscanf”的声明
c:\william liu\c课设(winformui)\c课设c语言部分\c课设c语言部分\c课设c语言部分.cpp(142): warning C4996: 'fscanf': This function or variable may be unsafe. Consider using fscanf_s instead. To disable deprecation, use _CRT_SECURE_NO_WARNINGS. See online help for details.
  c:\program files (x86)\windows kits\10\include\10.0.15063.0\ucrt\stdio.h(1195): note: 参见“fscanf”的声明
c:\william liu\c课设(winformui)\c课设c语言部分\c课设c语言部分\c课设c语言部分.cpp(143): warning C4996: 'fscanf': This function or variable may be unsafe. Consider using fscanf_s instead. To disable deprecation, use _CRT_SECURE_NO_WARNINGS. See online help for details.
  c:\program files (x86)\windows kits\10\include\10.0.15063.0\ucrt\stdio.h(1195): note: 参见“fscanf”的声明
c:\william liu\c课设(winformui)\c课设c语言部分\c课设c语言部分\c课设c语言部分.cpp(144): warning C4996: 'fscanf': This function or variable may be unsafe. Consider using fscanf_s instead. To disable deprecation, use _CRT_SECURE_NO_WARNINGS. See online help for details.
  c:\program files (x86)\windows kits\10\include\10.0.15063.0\ucrt\stdio.h(1195): note: 参见“fscanf”的声明
c:\william liu\c课设(winformui)\c课设c语言部分\c课设c语言部分\c课设c语言部分.cpp(145): warning C4996: 'fscanf': This function or variable may be unsafe. Consider using fscanf_s instead. To disable deprecation, use _CRT_SECURE_NO_WARNINGS. See online help for details.
  c:\program files (x86)\windows kits\10\include\10.0.15063.0\ucrt\stdio.h(1195): note: 参见“fscanf”的声明
c:\william liu\c课设(winformui)\c课设c语言部分\c课设c语言部分\c课设c语言部分.cpp(146): warning C4996: 'fscanf': This function or variable may be unsafe. Consider using fscanf_s instead. To disable deprecation, use _CRT_SECURE_NO_WARNINGS. See online help for details.
  c:\program files (x86)\windows kits\10\include\10.0.15063.0\ucrt\stdio.h(1195): note: 参见“fscanf”的声明
c:\william liu\c课设(winformui)\c课设c语言部分\c课设c语言部分\c课设c语言部分.cpp(147): warning C4996: 'fscanf': This function or variable may be unsafe. Consider using fscanf_s instead. To disable deprecation, use _CRT_SECURE_NO_WARNINGS. See online help for details.
  c:\program files (x86)\windows kits\10\include\10.0.15063.0\ucrt\stdio.h(1195): note: 参见“fscanf”的声明
c:\william liu\c课设(winformui)\c课设c语言部分\c课设c语言部分\c课设c语言部分.cpp(148): warning C4996: 'fscanf': This function or variable may be unsafe. Consider using fscanf_s instead. To disable deprecation, use _CRT_SECURE_NO_WARNINGS. See online help for details.
  c:\program files (x86)\windows kits\10\include\10.0.15063.0\ucrt\stdio.h(1195): note: 参见“fscanf”的声明
c:\william liu\c课设(winformui)\c课设c语言部分\c课设c语言部分\c课设c语言部分.cpp(169): warning C4996: 'fopen': This function or variable may be unsafe. Consider using fopen_s instead. To disable deprecation, use _CRT_SECURE_NO_WARNINGS. See online help for details.
  c:\program files (x86)\windows kits\10\include\10.0.15063.0\ucrt\stdio.h(207): note: 参见“fopen”的声明
c:\william liu\c课设(winformui)\c课设c语言部分\c课设c语言部分\c课设c语言部分.cpp(180): warning C4996: 'fscanf': This function or variable may be unsafe. Consider using fscanf_s instead. To disable deprecation, use _CRT_SECURE_NO_WARNINGS. See online help for details.
  c:\program files (x86)\windows kits\10\include\10.0.15063.0\ucrt\stdio.h(1195): note: 参见“fscanf”的声明
c:\william liu\c课设(winformui)\c课设c语言部分\c课设c语言部分\c课设c语言部分.cpp(189): warning C4996: 'strcpy': This function or variable may be unsafe. Consider using strcpy_s instead. To disable deprecation, use _CRT_SECURE_NO_WARNINGS. See online help for details.
  c:\program files (x86)\windows kits\10\include\10.0.15063.0\ucrt\string.h(136): note: 参见“strcpy”的声明
c:\william liu\c课设(winformui)\c课设c语言部分\c课设c语言部分\c课设c语言部分.cpp(192): warning C4996: 'fscanf': This function or variable may be unsafe. Consider using fscanf_s instead. To disable deprecation, use _CRT_SECURE_NO_WARNINGS. See online help for details.
  c:\program files (x86)\windows kits\10\include\10.0.15063.0\ucrt\stdio.h(1195): note: 参见“fscanf”的声明
c:\william liu\c课设(winformui)\c课设c语言部分\c课设c语言部分\c课设c语言部分.cpp(193): warning C4996: 'fscanf': This function or variable may be unsafe. Consider using fscanf_s instead. To disable deprecation, use _CRT_SECURE_NO_WARNINGS. See online help for details.
  c:\program files (x86)\windows kits\10\include\10.0.15063.0\ucrt\stdio.h(1195): note: 参见“fscanf”的声明
c:\william liu\c课设(winformui)\c课设c语言部分\c课设c语言部分\c课设c语言部分.cpp(194): warning C4996: 'fscanf': This function or variable may be unsafe. Consider using fscanf_s instead. To disable deprecation, use _CRT_SECURE_NO_WARNINGS. See online help for details.
  c:\program files (x86)\windows kits\10\include\10.0.15063.0\ucrt\stdio.h(1195): note: 参见“fscanf”的声明
c:\william liu\c课设(winformui)\c课设c语言部分\c课设c语言部分\c课设c语言部分.cpp(195): warning C4996: 'fscanf': This function or variable may be unsafe. Consider using fscanf_s instead. To disable deprecation, use _CRT_SECURE_NO_WARNINGS. See online help for details.
  c:\program files (x86)\windows kits\10\include\10.0.15063.0\ucrt\stdio.h(1195): note: 参见“fscanf”的声明
c:\william liu\c课设(winformui)\c课设c语言部分\c课设c语言部分\c课设c语言部分.cpp(196): warning C4996: 'fscanf': This function or variable may be unsafe. Consider using fscanf_s instead. To disable deprecation, use _CRT_SECURE_NO_WARNINGS. See online help for details.
  c:\program files (x86)\windows kits\10\include\10.0.15063.0\ucrt\stdio.h(1195): note: 参见“fscanf”的声明
c:\william liu\c课设(winformui)\c课设c语言部分\c课设c语言部分\c课设c语言部分.cpp(276): warning C4996: 'fopen': This function or variable may be unsafe. Consider using fopen_s instead. To disable deprecation, use _CRT_SECURE_NO_WARNINGS. See online help for details.
  c:\program files (x86)\windows kits\10\include\10.0.15063.0\ucrt\stdio.h(207): note: 参见“fopen”的声明
c:\william liu\c课设(winformui)\c课设c语言部分\c课设c语言部分\c课设c语言部分.cpp(296): warning C4996: 'fopen': This function or variable may be unsafe. Consider using fopen_s instead. To disable deprecation, use _CRT_SECURE_NO_WARNINGS. See online help for details.
  c:\program files (x86)\windows kits\10\include\10.0.15063.0\ucrt\stdio.h(207): note: 参见“fopen”的声明
c:\william liu\c课设(winformui)\c课设c语言部分\c课设c语言部分\c课设c语言部分.cpp(304): warning C4996: 'fscanf': This function or variable may be unsafe. Consider using fscanf_s instead. To disable deprecation, use _CRT_SECURE_NO_WARNINGS. See online help for details.
  c:\program files (x86)\windows kits\10\include\10.0.15063.0\ucrt\stdio.h(1195): note: 参见“fscanf”的声明
c:\william liu\c课设(winformui)\c课设c语言部分\c课设c语言部分\c课设c语言部分.cpp(339): warning C4996: 'fopen': This function or variable may be unsafe. Consider using fopen_s instead. To disable deprecation, use _CRT_SECURE_NO_WARNINGS. See online help for details.
  c:\program files (x86)\windows kits\10\include\10.0.15063.0\ucrt\stdio.h(207): note: 参见“fopen”的声明
c:\william liu\c课设(winformui)\c课设c语言部分\c课设c语言部分\c课设c语言部分.cpp(347): warning C4996: 'fscanf': This function or variable may be unsafe. Consider using fscanf_s instead. To disable deprecation, use _CRT_SECURE_NO_WARNINGS. See online help for details.
  c:\program files (x86)\windows kits\10\include\10.0.15063.0\ucrt\stdio.h(1195): note: 参见“fscanf”的声明
c:\william liu\c课设(winformui)\c课设c语言部分\c课设c语言部分\c课设c语言部分.cpp(348): warning C4996: 'fscanf': This function or variable may be unsafe. Consider using fscanf_s instead. To disable deprecation, use _CRT_SECURE_NO_WARNINGS. See online help for details.
  c:\program files (x86)\windows kits\10\include\10.0.15063.0\ucrt\stdio.h(1195): note: 参见“fscanf”的声明
c:\william liu\c课设(winformui)\c课设c语言部分\c课设c语言部分\c课设c语言部分.cpp(364): warning C4996: 'fscanf': This function or variable may be unsafe. Consider using fscanf_s instead. To disable deprecation, use _CRT_SECURE_NO_WARNINGS. See online help for details.
  c:\program files (x86)\windows kits\10\include\10.0.15063.0\ucrt\stdio.h(1195): note: 参见“fscanf”的声明
c:\william liu\c课设(winformui)\c课设c语言部分\c课设c语言部分\c课设c语言部分.cpp(368): warning C4996: 'fscanf': This function or variable may be unsafe. Consider using fscanf_s instead. To disable deprecation, use _CRT_SECURE_NO_WARNINGS. See online help for details.
  c:\program files (x86)\windows kits\10\include\10.0.15063.0\ucrt\stdio.h(1195): note: 参见“fscanf”的声明
c:\william liu\c课设(winformui)\c课设c语言部分\c课设c语言部分\c课设c语言部分.cpp(372): warning C4996: 'fscanf': This function or variable may be unsafe. Consider using fscanf_s instead. To disable deprecation, use _CRT_SECURE_NO_WARNINGS. See online help for details.
  c:\program files (x86)\windows kits\10\include\10.0.15063.0\ucrt\stdio.h(1195): note: 参见“fscanf”的声明
c:\william liu\c课设(winformui)\c课设c语言部分\c课设c语言部分\c课设c语言部分.cpp(376): warning C4996: 'fscanf': This function or variable may be unsafe. Consider using fscanf_s instead. To disable deprecation, use _CRT_SECURE_NO_WARNINGS. See online help for details.
  c:\program files (x86)\windows kits\10\include\10.0.15063.0\ucrt\stdio.h(1195): note: 参见“fscanf”的声明
c:\william liu\c课设(winformui)\c课设c语言部分\c课设c语言部分\c课设c语言部分.cpp(387): warning C4996: 'fopen': This function or variable may be unsafe. Consider using fopen_s instead. To disable deprecation, use _CRT_SECURE_NO_WARNINGS. See online help for details.
  c:\program files (x86)\windows kits\10\include\10.0.15063.0\ucrt\stdio.h(207): note: 参见“fopen”的声明
c:\william liu\c课设(winformui)\c课设c语言部分\c课设c语言部分\c课设c语言部分.cpp(415): warning C4996: 'fopen': This function or variable may be unsafe. Consider using fopen_s instead. To disable deprecation, use _CRT_SECURE_NO_WARNINGS. See online help for details.
  c:\program files (x86)\windows kits\10\include\10.0.15063.0\ucrt\stdio.h(207): note: 参见“fopen”的声明
c:\william liu\c课设(winformui)\c课设c语言部分\c课设c语言部分\c课设c语言部分.cpp(424): warning C4996: 'fscanf': This function or variable may be unsafe. Consider using fscanf_s instead. To disable deprecation, use _CRT_SECURE_NO_WARNINGS. See online help for details.
  c:\program files (x86)\windows kits\10\include\10.0.15063.0\ucrt\stdio.h(1195): note: 参见“fscanf”的声明
c:\william liu\c课设(winformui)\c课设c语言部分\c课设c语言部分\c课设c语言部分.cpp(464): warning C4996: 'fopen': This function or variable may be unsafe. Consider using fopen_s instead. To disable deprecation, use _CRT_SECURE_NO_WARNINGS. See online help for details.
  c:\program files (x86)\windows kits\10\include\10.0.15063.0\ucrt\stdio.h(207): note: 参见“fopen”的声明
c:\william liu\c课设(winformui)\c课设c语言部分\c课设c语言部分\c课设c语言部分.cpp(476): warning C4996: 'fscanf': This function or variable may be unsafe. Consider using fscanf_s instead. To disable deprecation, use _CRT_SECURE_NO_WARNINGS. See online help for details.
  c:\program files (x86)\windows kits\10\include\10.0.15063.0\ucrt\stdio.h(1195): note: 参见“fscanf”的声明
c:\william liu\c课设(winformui)\c课设c语言部分\c课设c语言部分\c课设c语言部分.cpp(477): warning C4996: 'fscanf': This function or variable may be unsafe. Consider using fscanf_s instead. To disable deprecation, use _CRT_SECURE_NO_WARNINGS. See online help for details.
  c:\program files (x86)\windows kits\10\include\10.0.15063.0\ucrt\stdio.h(1195): note: 参见“fscanf”的声明
c:\william liu\c课设(winformui)\c课设c语言部分\c课设c语言部分\c课设c语言部分.cpp(478): warning C4996: 'fscanf': This function or variable may be unsafe. Consider using fscanf_s instead. To disable deprecation, use _CRT_SECURE_NO_WARNINGS. See online help for details.
  c:\program files (x86)\windows kits\10\include\10.0.15063.0\ucrt\stdio.h(1195): note: 参见“fscanf”的声明
c:\william liu\c课设(winformui)\c课设c语言部分\c课设c语言部分\c课设c语言部分.cpp(493): warning C4996: 'fscanf': This function or variable may be unsafe. Consider using fscanf_s instead. To disable deprecation, use _CRT_SECURE_NO_WARNINGS. See online help for details.
  c:\program files (x86)\windows kits\10\include\10.0.15063.0\ucrt\stdio.h(1195): note: 参见“fscanf”的声明
c:\william liu\c课设(winformui)\c课设c语言部分\c课设c语言部分\c课设c语言部分.cpp(498): warning C4996: 'fscanf': This function or variable may be unsafe. Consider using fscanf_s instead. To disable deprecation, use _CRT_SECURE_NO_WARNINGS. See online help for details.
  c:\program files (x86)\windows kits\10\include\10.0.15063.0\ucrt\stdio.h(1195): note: 参见“fscanf”的声明
c:\william liu\c课设(winformui)\c课设c语言部分\c课设c语言部分\c课设c语言部分.cpp(503): warning C4996: 'fscanf': This function or variable may be unsafe. Consider using fscanf_s instead. To disable deprecation, use _CRT_SECURE_NO_WARNINGS. See online help for details.
  c:\program files (x86)\windows kits\10\include\10.0.15063.0\ucrt\stdio.h(1195): note: 参见“fscanf”的声明
c:\william liu\c课设(winformui)\c课设c语言部分\c课设c语言部分\c课设c语言部分.cpp(508): warning C4996: 'fscanf': This function or variable may be unsafe. Consider using fscanf_s instead. To disable deprecation, use _CRT_SECURE_NO_WARNINGS. See online help for details.
  c:\program files (x86)\windows kits\10\include\10.0.15063.0\ucrt\stdio.h(1195): note: 参见“fscanf”的声明
c:\william liu\c课设(winformui)\c课设c语言部分\c课设c语言部分\c课设c语言部分.cpp(513): warning C4996: 'fscanf': This function or variable may be unsafe. Consider using fscanf_s instead. To disable deprecation, use _CRT_SECURE_NO_WARNINGS. See online help for details.
  c:\program files (x86)\windows kits\10\include\10.0.15063.0\ucrt\stdio.h(1195): note: 参见“fscanf”的声明
c:\william liu\c课设(winformui)\c课设c语言部分\c课设c语言部分\c课设c语言部分.cpp(518): warning C4996: 'fscanf': This function or variable may be unsafe. Consider using fscanf_s instead. To disable deprecation, use _CRT_SECURE_NO_WARNINGS. See online help for details.
  c:\program files (x86)\windows kits\10\include\10.0.15063.0\ucrt\stdio.h(1195): note: 参见“fscanf”的声明
c:\william liu\c课设(winformui)\c课设c语言部分\c课设c语言部分\c课设c语言部分.cpp(523): warning C4996: 'fscanf': This function or variable may be unsafe. Consider using fscanf_s instead. To disable deprecation, use _CRT_SECURE_NO_WARNINGS. See online help for details.
  c:\program files (x86)\windows kits\10\include\10.0.15063.0\ucrt\stdio.h(1195): note: 参见“fscanf”的声明
c:\william liu\c课设(winformui)\c课设c语言部分\c课设c语言部分\c课设c语言部分.cpp(543): warning C4996: 'fopen': This function or variable may be unsafe. Consider using fopen_s instead. To disable deprecation, use _CRT_SECURE_NO_WARNINGS. See online help for details.
  c:\program files (x86)\windows kits\10\include\10.0.15063.0\ucrt\stdio.h(207): note: 参见“fopen”的声明
c:\william liu\c课设(winformui)\c课设c语言部分\c课设c语言部分\c课设c语言部分.cpp(576): warning C4996: 'fopen': This function or variable may be unsafe. Consider using fopen_s instead. To disable deprecation, use _CRT_SECURE_NO_WARNINGS. See online help for details.
  c:\program files (x86)\windows kits\10\include\10.0.15063.0\ucrt\stdio.h(207): note: 参见“fopen”的声明
c:\william liu\c课设(winformui)\c课设c语言部分\c课设c语言部分\c课设c语言部分.cpp(584): warning C4996: 'fscanf': This function or variable may be unsafe. Consider using fscanf_s instead. To disable deprecation, use _CRT_SECURE_NO_WARNINGS. See online help for details.
  c:\program files (x86)\windows kits\10\include\10.0.15063.0\ucrt\stdio.h(1195): note: 参见“fscanf”的声明
c:\william liu\c课设(winformui)\c课设c语言部分\c课设c语言部分\c课设c语言部分.cpp(625): warning C4996: 'fopen': This function or variable may be unsafe. Consider using fopen_s instead. To disable deprecation, use _CRT_SECURE_NO_WARNINGS. See online help for details.
  c:\program files (x86)\windows kits\10\include\10.0.15063.0\ucrt\stdio.h(207): note: 参见“fopen”的声明
c:\william liu\c课设(winformui)\c课设c语言部分\c课设c语言部分\c课设c语言部分.cpp(636): warning C4996: 'fscanf': This function or variable may be unsafe. Consider using fscanf_s instead. To disable deprecation, use _CRT_SECURE_NO_WARNINGS. See online help for details.
  c:\program files (x86)\windows kits\10\include\10.0.15063.0\ucrt\stdio.h(1195): note: 参见“fscanf”的声明
c:\william liu\c课设(winformui)\c课设c语言部分\c课设c语言部分\c课设c语言部分.cpp(637): warning C4996: 'fscanf': This function or variable may be unsafe. Consider using fscanf_s instead. To disable deprecation, use _CRT_SECURE_NO_WARNINGS. See online help for details.
  c:\program files (x86)\windows kits\10\include\10.0.15063.0\ucrt\stdio.h(1195): note: 参见“fscanf”的声明
c:\william liu\c课设(winformui)\c课设c语言部分\c课设c语言部分\c课设c语言部分.cpp(638): warning C4996: 'fscanf': This function or variable may be unsafe. Consider using fscanf_s instead. To disable deprecation, use _CRT_SECURE_NO_WARNINGS. See online help for details.
  c:\program files (x86)\windows kits\10\include\10.0.15063.0\ucrt\stdio.h(1195): note: 参见“fscanf”的声明
c:\william liu\c课设(winformui)\c课设c语言部分\c课设c语言部分\c课设c语言部分.cpp(656): warning C4996: 'fscanf': This function or variable may be unsafe. Consider using fscanf_s instead. To disable deprecation, use _CRT_SECURE_NO_WARNINGS. See online help for details.
  c:\program files (x86)\windows kits\10\include\10.0.15063.0\ucrt\stdio.h(1195): note: 参见“fscanf”的声明
c:\william liu\c课设(winformui)\c课设c语言部分\c课设c语言部分\c课设c语言部分.cpp(660): warning C4996: 'fscanf': This function or variable may be unsafe. Consider using fscanf_s instead. To disable deprecation, use _CRT_SECURE_NO_WARNINGS. See online help for details.
  c:\program files (x86)\windows kits\10\include\10.0.15063.0\ucrt\stdio.h(1195): note: 参见“fscanf”的声明
c:\william liu\c课设(winformui)\c课设c语言部分\c课设c语言部分\c课设c语言部分.cpp(664): warning C4996: 'fscanf': This function or variable may be unsafe. Consider using fscanf_s instead. To disable deprecation, use _CRT_SECURE_NO_WARNINGS. See online help for details.
  c:\program files (x86)\windows kits\10\include\10.0.15063.0\ucrt\stdio.h(1195): note: 参见“fscanf”的声明
c:\william liu\c课设(winformui)\c课设c语言部分\c课设c语言部分\c课设c语言部分.cpp(668): warning C4996: 'fscanf': This function or variable may be unsafe. Consider using fscanf_s instead. To disable deprecation, use _CRT_SECURE_NO_WARNINGS. See online help for details.
  c:\program files (x86)\windows kits\10\include\10.0.15063.0\ucrt\stdio.h(1195): note: 参见“fscanf”的声明
c:\william liu\c课设(winformui)\c课设c语言部分\c课设c语言部分\c课设c语言部分.cpp(672): warning C4996: 'fscanf': This function or variable may be unsafe. Consider using fscanf_s instead. To disable deprecation, use _CRT_SECURE_NO_WARNINGS. See online help for details.
  c:\program files (x86)\windows kits\10\include\10.0.15063.0\ucrt\stdio.h(1195): note: 参见“fscanf”的声明
c:\william liu\c课设(winformui)\c课设c语言部分\c课设c语言部分\c课设c语言部分.cpp(676): warning C4996: 'fscanf': This function or variable may be unsafe. Consider using fscanf_s instead. To disable deprecation, use _CRT_SECURE_NO_WARNINGS. See online help for details.
  c:\program files (x86)\windows kits\10\include\10.0.15063.0\ucrt\stdio.h(1195): note: 参见“fscanf”的声明
c:\william liu\c课设(winformui)\c课设c语言部分\c课设c语言部分\c课设c语言部分.cpp(680): warning C4996: 'fscanf': This function or variable may be unsafe. Consider using fscanf_s instead. To disable deprecation, use _CRT_SECURE_NO_WARNINGS. See online help for details.
  c:\program files (x86)\windows kits\10\include\10.0.15063.0\ucrt\stdio.h(1195): note: 参见“fscanf”的声明
c:\william liu\c课设(winformui)\c课设c语言部分\c课设c语言部分\c课设c语言部分.cpp(684): warning C4996: 'fscanf': This function or variable may be unsafe. Consider using fscanf_s instead. To disable deprecation, use _CRT_SECURE_NO_WARNINGS. See online help for details.
  c:\program files (x86)\windows kits\10\include\10.0.15063.0\ucrt\stdio.h(1195): note: 参见“fscanf”的声明
c:\william liu\c课设(winformui)\c课设c语言部分\c课设c语言部分\c课设c语言部分.cpp(688): warning C4996: 'fscanf': This function or variable may be unsafe. Consider using fscanf_s instead. To disable deprecation, use _CRT_SECURE_NO_WARNINGS. See online help for details.
  c:\program files (x86)\windows kits\10\include\10.0.15063.0\ucrt\stdio.h(1195): note: 参见“fscanf”的声明
c:\william liu\c课设(winformui)\c课设c语言部分\c课设c语言部分\c课设c语言部分.cpp(708): warning C4996: 'fopen': This function or variable may be unsafe. Consider using fopen_s instead. To disable deprecation, use _CRT_SECURE_NO_WARNINGS. See online help for details.
  c:\program files (x86)\windows kits\10\include\10.0.15063.0\ucrt\stdio.h(207): note: 参见“fopen”的声明
c:\william liu\c课设(winformui)\c课设c语言部分\c课设c语言部分\c课设c语言部分.cpp(716): warning C4996: 'fscanf': This function or variable may be unsafe. Consider using fscanf_s instead. To disable deprecation, use _CRT_SECURE_NO_WARNINGS. See online help for details.
  c:\program files (x86)\windows kits\10\include\10.0.15063.0\ucrt\stdio.h(1195): note: 参见“fscanf”的声明
c:\william liu\c课设(winformui)\c课设c语言部分\c课设c语言部分\c课设c语言部分.cpp(730): warning C4996: 'fopen': This function or variable may be unsafe. Consider using fopen_s instead. To disable deprecation, use _CRT_SECURE_NO_WARNINGS. See online help for details.
  c:\program files (x86)\windows kits\10\include\10.0.15063.0\ucrt\stdio.h(207): note: 参见“fopen”的声明
c:\william liu\c课设(winformui)\c课设c语言部分\c课设c语言部分\c课设c语言部分.cpp(749): warning C4996: 'fopen': This function or variable may be unsafe. Consider using fopen_s instead. To disable deprecation, use _CRT_SECURE_NO_WARNINGS. See online help for details.
  c:\program files (x86)\windows kits\10\include\10.0.15063.0\ucrt\stdio.h(207): note: 参见“fopen”的声明
c:\william liu\c课设(winformui)\c课设c语言部分\c课设c语言部分\c课设c语言部分.cpp(760): warning C4996: 'fscanf': This function or variable may be unsafe. Consider using fscanf_s instead. To disable deprecation, use _CRT_SECURE_NO_WARNINGS. See online help for details.
  c:\program files (x86)\windows kits\10\include\10.0.15063.0\ucrt\stdio.h(1195): note: 参见“fscanf”的声明
c:\william liu\c课设(winformui)\c课设c语言部分\c课设c语言部分\c课设c语言部分.cpp(773): warning C4996: 'fopen': This function or variable may be unsafe. Consider using fopen_s instead. To disable deprecation, use _CRT_SECURE_NO_WARNINGS. See online help for details.
  c:\program files (x86)\windows kits\10\include\10.0.15063.0\ucrt\stdio.h(207): note: 参见“fopen”的声明
c:\william liu\c课设(winformui)\c课设c语言部分\c课设c语言部分\c课设c语言部分.cpp(787): warning C4996: 'strcpy': This function or variable may be unsafe. Consider using strcpy_s instead. To disable deprecation, use _CRT_SECURE_NO_WARNINGS. See online help for details.
  c:\program files (x86)\windows kits\10\include\10.0.15063.0\ucrt\string.h(136): note: 参见“strcpy”的声明
c:\william liu\c课设(winformui)\c课设c语言部分\c课设c语言部分\c课设c语言部分.cpp(791): warning C4996: 'strcpy': This function or variable may be unsafe. Consider using strcpy_s instead. To disable deprecation, use _CRT_SECURE_NO_WARNINGS. See online help for details.
  c:\program files (x86)\windows kits\10\include\10.0.15063.0\ucrt\string.h(136): note: 参见“strcpy”的声明
c:\william liu\c课设(winformui)\c课设c语言部分\c课设c语言部分\c课设c语言部分.cpp(796): warning C4996: 'strcpy': This function or variable may be unsafe. Consider using strcpy_s instead. To disable deprecation, use _CRT_SECURE_NO_WARNINGS. See online help for details.
  c:\program files (x86)\windows kits\10\include\10.0.15063.0\ucrt\string.h(136): note: 参见“strcpy”的声明
c:\william liu\c课设(winformui)\c课设c语言部分\c课设c语言部分\c课设c语言部分.cpp(800): warning C4996: 'strcpy': This function or variable may be unsafe. Consider using strcpy_s instead. To disable deprecation, use _CRT_SECURE_NO_WARNINGS. See online help for details.
  c:\program files (x86)\windows kits\10\include\10.0.15063.0\ucrt\string.h(136): note: 参见“strcpy”的声明
c:\william liu\c课设(winformui)\c课设c语言部分\c课设c语言部分\c课设c语言部分.cpp(815): warning C4996: 'fopen': This function or variable may be unsafe. Consider using fopen_s instead. To disable deprecation, use _CRT_SECURE_NO_WARNINGS. See online help for details.
  c:\program files (x86)\windows kits\10\include\10.0.15063.0\ucrt\stdio.h(207): note: 参见“fopen”的声明
c:\william liu\c课设(winformui)\c课设c语言部分\c课设c语言部分\c课设c语言部分.cpp(826): warning C4996: 'fscanf': This function or variable may be unsafe. Consider using fscanf_s instead. To disable deprecation, use _CRT_SECURE_NO_WARNINGS. See online help for details.
  c:\program files (x86)\windows kits\10\include\10.0.15063.0\ucrt\stdio.h(1195): note: 参见“fscanf”的声明
c:\william liu\c课设(winformui)\c课设c语言部分\c课设c语言部分\c课设c语言部分.cpp(827): warning C4996: 'fscanf': This function or variable may be unsafe. Consider using fscanf_s instead. To disable deprecation, use _CRT_SECURE_NO_WARNINGS. See online help for details.
  c:\program files (x86)\windows kits\10\include\10.0.15063.0\ucrt\stdio.h(1195): note: 参见“fscanf”的声明
c:\william liu\c课设(winformui)\c课设c语言部分\c课设c语言部分\c课设c语言部分.cpp(828): warning C4996: 'fscanf': This function or variable may be unsafe. Consider using fscanf_s instead. To disable deprecation, use _CRT_SECURE_NO_WARNINGS. See online help for details.
  c:\program files (x86)\windows kits\10\include\10.0.15063.0\ucrt\stdio.h(1195): note: 参见“fscanf”的声明
c:\william liu\c课设(winformui)\c课设c语言部分\c课设c语言部分\c课设c语言部分.cpp(833): warning C4996: 'fopen': This function or variable may be unsafe. Consider using fopen_s instead. To disable deprecation, use _CRT_SECURE_NO_WARNINGS. See online help for details.
  c:\program files (x86)\windows kits\10\include\10.0.15063.0\ucrt\stdio.h(207): note: 参见“fopen”的声明
c:\william liu\c课设(winformui)\c课设c语言部分\c课设c语言部分\c课设c语言部分.cpp(860): warning C4996: 'strcpy': This function or variable may be unsafe. Consider using strcpy_s instead. To disable deprecation, use _CRT_SECURE_NO_WARNINGS. See online help for details.
  c:\program files (x86)\windows kits\10\include\10.0.15063.0\ucrt\string.h(136): note: 参见“strcpy”的声明
c:\william liu\c课设(winformui)\c课设c语言部分\c课设c语言部分\c课设c语言部分.cpp(864): warning C4996: 'strcpy': This function or variable may be unsafe. Consider using strcpy_s instead. To disable deprecation, use _CRT_SECURE_NO_WARNINGS. See online help for details.
  c:\program files (x86)\windows kits\10\include\10.0.15063.0\ucrt\string.h(136): note: 参见“strcpy”的声明
c:\william liu\c课设(winformui)\c课设c语言部分\c课设c语言部分\c课设c语言部分.cpp(869): warning C4996: 'strcpy': This function or variable may be unsafe. Consider using strcpy_s instead. To disable deprecation, use _CRT_SECURE_NO_WARNINGS. See online help for details.
  c:\program files (x86)\windows kits\10\include\10.0.15063.0\ucrt\string.h(136): note: 参见“strcpy”的声明
c:\william liu\c课设(winformui)\c课设c语言部分\c课设c语言部分\c课设c语言部分.cpp(873): warning C4996: 'strcpy': This function or variable may be unsafe. Consider using strcpy_s instead. To disable deprecation, use _CRT_SECURE_NO_WARNINGS. See online help for details.
  c:\program files (x86)\windows kits\10\include\10.0.15063.0\ucrt\string.h(136): note: 参见“strcpy”的声明
c:\william liu\c课设(winformui)\c课设c语言部分\c课设c语言部分\c课设c语言部分.cpp(888): warning C4996: 'fopen': This function or variable may be unsafe. Consider using fopen_s instead. To disable deprecation, use _CRT_SECURE_NO_WARNINGS. See online help for details.
  c:\program files (x86)\windows kits\10\include\10.0.15063.0\ucrt\stdio.h(207): note: 参见“fopen”的声明
c:\william liu\c课设(winformui)\c课设c语言部分\c课设c语言部分\c课设c语言部分.cpp(897): warning C4996: 'fscanf': This function or variable may be unsafe. Consider using fscanf_s instead. To disable deprecation, use _CRT_SECURE_NO_WARNINGS. See online help for details.
  c:\program files (x86)\windows kits\10\include\10.0.15063.0\ucrt\stdio.h(1195): note: 参见“fscanf”的声明
c:\william liu\c课设(winformui)\c课设c语言部分\c课设c语言部分\c课设c语言部分.cpp(902): warning C4996: 'fopen': This function or variable may be unsafe. Consider using fopen_s instead. To disable deprecation, use _CRT_SECURE_NO_WARNINGS. See online help for details.
  c:\program files (x86)\windows kits\10\include\10.0.15063.0\ucrt\stdio.h(207): note: 参见“fopen”的声明
c:\william liu\c课设(winformui)\c课设c语言部分\c课设c语言部分\c课设c语言部分.cpp(947): warning C4996: 'fopen': This function or variable may be unsafe. Consider using fopen_s instead. To disable deprecation, use _CRT_SECURE_NO_WARNINGS. See online help for details.
  c:\program files (x86)\windows kits\10\include\10.0.15063.0\ucrt\stdio.h(207): note: 参见“fopen”的声明
c:\william liu\c课设(winformui)\c课设c语言部分\c课设c语言部分\c课设c语言部分.cpp(958): warning C4996: 'fscanf': This function or variable may be unsafe. Consider using fscanf_s instead. To disable deprecation, use _CRT_SECURE_NO_WARNINGS. See online help for details.
  c:\program files (x86)\windows kits\10\include\10.0.15063.0\ucrt\stdio.h(1195): note: 参见“fscanf”的声明
c:\william liu\c课设(winformui)\c课设c语言部分\c课设c语言部分\c课设c语言部分.cpp(959): warning C4996: 'fscanf': This function or variable may be unsafe. Consider using fscanf_s instead. To disable deprecation, use _CRT_SECURE_NO_WARNINGS. See online help for details.
  c:\program files (x86)\windows kits\10\include\10.0.15063.0\ucrt\stdio.h(1195): note: 参见“fscanf”的声明
c:\william liu\c课设(winformui)\c课设c语言部分\c课设c语言部分\c课设c语言部分.cpp(960): warning C4996: 'fscanf': This function or variable may be unsafe. Consider using fscanf_s instead. To disable deprecation, use _CRT_SECURE_NO_WARNINGS. See online help for details.
  c:\program files (x86)\windows kits\10\include\10.0.15063.0\ucrt\stdio.h(1195): note: 参见“fscanf”的声明
c:\william liu\c课设(winformui)\c课设c语言部分\c课设c语言部分\c课设c语言部分.cpp(966): warning C4996: 'fopen': This function or variable may be unsafe. Consider using fopen_s instead. To disable deprecation, use _CRT_SECURE_NO_WARNINGS. See online help for details.
  c:\program files (x86)\windows kits\10\include\10.0.15063.0\ucrt\stdio.h(207): note: 参见“fopen”的声明
c:\william liu\c课设(winformui)\c课设c语言部分\c课设c语言部分\c课设c语言部分.cpp(1014): warning C4996: 'fopen': This function or variable may be unsafe. Consider using fopen_s instead. To disable deprecation, use _CRT_SECURE_NO_WARNINGS. See online help for details.
  c:\program files (x86)\windows kits\10\include\10.0.15063.0\ucrt\stdio.h(207): note: 参见“fopen”的声明
c:\william liu\c课设(winformui)\c课设c语言部分\c课设c语言部分\c课设c语言部分.cpp(1079): warning C4996: 'fopen': This function or variable may be unsafe. Consider using fopen_s instead. To disable deprecation, use _CRT_SECURE_NO_WARNINGS. See online help for details.
  c:\program files (x86)\windows kits\10\include\10.0.15063.0\ucrt\stdio.h(207): note: 参见“fopen”的声明
c:\william liu\c课设(winformui)\c课设c语言部分\c课设c语言部分\c课设c语言部分.cpp(1087): warning C4996: 'fscanf': This function or variable may be unsafe. Consider using fscanf_s instead. To disable deprecation, use _CRT_SECURE_NO_WARNINGS. See online help for details.
  c:\program files (x86)\windows kits\10\include\10.0.15063.0\ucrt\stdio.h(1195): note: 参见“fscanf”的声明
c:\william liu\c课设(winformui)\c课设c语言部分\c课设c语言部分\c课设c语言部分.cpp(1090): warning C4996: 'strcpy': This function or variable may be unsafe. Consider using strcpy_s instead. To disable deprecation, use _CRT_SECURE_NO_WARNINGS. See online help for details.
  c:\program files (x86)\windows kits\10\include\10.0.15063.0\ucrt\string.h(136): note: 参见“strcpy”的声明
c:\william liu\c课设(winformui)\c课设c语言部分\c课设c语言部分\c课设c语言部分.cpp(1091): warning C4996: 'strcpy': This function or variable may be unsafe. Consider using strcpy_s instead. To disable deprecation, use _CRT_SECURE_NO_WARNINGS. See online help for details.
  c:\program files (x86)\windows kits\10\include\10.0.15063.0\ucrt\string.h(136): note: 参见“strcpy”的声明
c:\william liu\c课设(winformui)\c课设c语言部分\c课设c语言部分\c课设c语言部分.cpp(1092): warning C4996: 'strcpy': This function or variable may be unsafe. Consider using strcpy_s instead. To disable deprecation, use _CRT_SECURE_NO_WARNINGS. See online help for details.
  c:\program files (x86)\windows kits\10\include\10.0.15063.0\ucrt\string.h(136): note: 参见“strcpy”的声明
c:\william liu\c课设(winformui)\c课设c语言部分\c课设c语言部分\c课设c语言部分.cpp(1093): warning C4996: 'strcpy': This function or variable may be unsafe. Consider using strcpy_s instead. To disable deprecation, use _CRT_SECURE_NO_WARNINGS. See online help for details.
  c:\program files (x86)\windows kits\10\include\10.0.15063.0\ucrt\string.h(136): note: 参见“strcpy”的声明
c:\william liu\c课设(winformui)\c课设c语言部分\c课设c语言部分\c课设c语言部分.cpp(1094): warning C4996: 'strcpy': This function or variable may be unsafe. Consider using strcpy_s instead. To disable deprecation, use _CRT_SECURE_NO_WARNINGS. See online help for details.
  c:\program files (x86)\windows kits\10\include\10.0.15063.0\ucrt\string.h(136): note: 参见“strcpy”的声明
c:\william liu\c课设(winformui)\c课设c语言部分\c课设c语言部分\c课设c语言部分.cpp(1095): warning C4996: 'strcpy': This function or variable may be unsafe. Consider using strcpy_s instead. To disable deprecation, use _CRT_SECURE_NO_WARNINGS. See online help for details.
  c:\program files (x86)\windows kits\10\include\10.0.15063.0\ucrt\string.h(136): note: 参见“strcpy”的声明
c:\william liu\c课设(winformui)\c课设c语言部分\c课设c语言部分\c课设c语言部分.cpp(1096): warning C4996: 'strcpy': This function or variable may be unsafe. Consider using strcpy_s instead. To disable deprecation, use _CRT_SECURE_NO_WARNINGS. See online help for details.
  c:\program files (x86)\windows kits\10\include\10.0.15063.0\ucrt\string.h(136): note: 参见“strcpy”的声明
c:\william liu\c课设(winformui)\c课设c语言部分\c课设c语言部分\c课设c语言部分.cpp(1097): warning C4996: 'strcpy': This function or variable may be unsafe. Consider using strcpy_s instead. To disable deprecation, use _CRT_SECURE_NO_WARNINGS. See online help for details.
  c:\program files (x86)\windows kits\10\include\10.0.15063.0\ucrt\string.h(136): note: 参见“strcpy”的声明
c:\william liu\c课设(winformui)\c课设c语言部分\c课设c语言部分\c课设c语言部分.cpp(1098): warning C4996: 'strcpy': This function or variable may be unsafe. Consider using strcpy_s instead. To disable deprecation, use _CRT_SECURE_NO_WARNINGS. See online help for details.
  c:\program files (x86)\windows kits\10\include\10.0.15063.0\ucrt\string.h(136): note: 参见“strcpy”的声明
c:\william liu\c课设(winformui)\c课设c语言部分\c课设c语言部分\c课设c语言部分.cpp(1099): warning C4996: 'strcpy': This function or variable may be unsafe. Consider using strcpy_s instead. To disable deprecation, use _CRT_SECURE_NO_WARNINGS. See online help for details.
  c:\program files (x86)\windows kits\10\include\10.0.15063.0\ucrt\string.h(136): note: 参见“strcpy”的声明
c:\william liu\c课设(winformui)\c课设c语言部分\c课设c语言部分\c课设c语言部分.cpp(1100): warning C4996: 'strcpy': This function or variable may be unsafe. Consider using strcpy_s instead. To disable deprecation, use _CRT_SECURE_NO_WARNINGS. See online help for details.
  c:\program files (x86)\windows kits\10\include\10.0.15063.0\ucrt\string.h(136): note: 参见“strcpy”的声明
c:\william liu\c课设(winformui)\c课设c语言部分\c课设c语言部分\c课设c语言部分.cpp(1101): warning C4996: 'strcpy': This function or variable may be unsafe. Consider using strcpy_s instead. To disable deprecation, use _CRT_SECURE_NO_WARNINGS. See online help for details.
  c:\program files (x86)\windows kits\10\include\10.0.15063.0\ucrt\string.h(136): note: 参见“strcpy”的声明
c:\william liu\c课设(winformui)\c课设c语言部分\c课设c语言部分\c课设c语言部分.cpp(1102): warning C4996: 'strcpy': This function or variable may be unsafe. Consider using strcpy_s instead. To disable deprecation, use _CRT_SECURE_NO_WARNINGS. See online help for details.
  c:\program files (x86)\windows kits\10\include\10.0.15063.0\ucrt\string.h(136): note: 参见“strcpy”的声明
c:\william liu\c课设(winformui)\c课设c语言部分\c课设c语言部分\c课设c语言部分.cpp(1103): warning C4996: 'strcat': This function or variable may be unsafe. Consider using strcat_s instead. To disable deprecation, use _CRT_SECURE_NO_WARNINGS. See online help for details.
  c:\program files (x86)\windows kits\10\include\10.0.15063.0\ucrt\string.h(93): note: 参见“strcat”的声明
c:\william liu\c课设(winformui)\c课设c语言部分\c课设c语言部分\c课设c语言部分.cpp(1104): warning C4996: 'strcat': This function or variable may be unsafe. Consider using strcat_s instead. To disable deprecation, use _CRT_SECURE_NO_WARNINGS. See online help for details.
  c:\program files (x86)\windows kits\10\include\10.0.15063.0\ucrt\string.h(93): note: 参见“strcat”的声明
c:\william liu\c课设(winformui)\c课设c语言部分\c课设c语言部分\c课设c语言部分.cpp(1105): warning C4996: 'strcat': This function or variable may be unsafe. Consider using strcat_s instead. To disable deprecation, use _CRT_SECURE_NO_WARNINGS. See online help for details.
  c:\program files (x86)\windows kits\10\include\10.0.15063.0\ucrt\string.h(93): note: 参见“strcat”的声明
c:\william liu\c课设(winformui)\c课设c语言部分\c课设c语言部分\c课设c语言部分.cpp(1106): warning C4996: 'strcat': This function or variable may be unsafe. Consider using strcat_s instead. To disable deprecation, use _CRT_SECURE_NO_WARNINGS. See online help for details.
  c:\program files (x86)\windows kits\10\include\10.0.15063.0\ucrt\string.h(93): note: 参见“strcat”的声明
c:\william liu\c课设(winformui)\c课设c语言部分\c课设c语言部分\c课设c语言部分.cpp(1107): warning C4996: 'strcat': This function or variable may be unsafe. Consider using strcat_s instead. To disable deprecation, use _CRT_SECURE_NO_WARNINGS. See online help for details.
  c:\program files (x86)\windows kits\10\include\10.0.15063.0\ucrt\string.h(93): note: 参见“strcat”的声明
c:\william liu\c课设(winformui)\c课设c语言部分\c课设c语言部分\c课设c语言部分.cpp(1108): warning C4996: 'strcat': This function or variable may be unsafe. Consider using strcat_s instead. To disable deprecation, use _CRT_SECURE_NO_WARNINGS. See online help for details.
  c:\program files (x86)\windows kits\10\include\10.0.15063.0\ucrt\string.h(93): note: 参见“strcat”的声明
c:\william liu\c课设(winformui)\c课设c语言部分\c课设c语言部分\c课设c语言部分.cpp(1109): warning C4996: 'strcat': This function or variable may be unsafe. Consider using strcat_s instead. To disable deprecation, use _CRT_SECURE_NO_WARNINGS. See online help for details.
  c:\program files (x86)\windows kits\10\include\10.0.15063.0\ucrt\string.h(93): note: 参见“strcat”的声明
c:\william liu\c课设(winformui)\c课设c语言部分\c课设c语言部分\c课设c语言部分.cpp(1110): warning C4996: 'strcat': This function or variable may be unsafe. Consider using strcat_s instead. To disable deprecation, use _CRT_SECURE_NO_WARNINGS. See online help for details.
  c:\program files (x86)\windows kits\10\include\10.0.15063.0\ucrt\string.h(93): note: 参见“strcat”的声明
c:\william liu\c课设(winformui)\c课设c语言部分\c课设c语言部分\c课设c语言部分.cpp(1111): warning C4996: 'strcat': This function or variable may be unsafe. Consider using strcat_s instead. To disable deprecation, use _CRT_SECURE_NO_WARNINGS. See online help for details.
  c:\program files (x86)\windows kits\10\include\10.0.15063.0\ucrt\string.h(93): note: 参见“strcat”的声明
c:\william liu\c课设(winformui)\c课设c语言部分\c课设c语言部分\c课设c语言部分.cpp(1112): warning C4996: 'strcat': This function or variable may be unsafe. Consider using strcat_s instead. To disable deprecation, use _CRT_SECURE_NO_WARNINGS. See online help for details.
  c:\program files (x86)\windows kits\10\include\10.0.15063.0\ucrt\string.h(93): note: 参见“strcat”的声明
c:\william liu\c课设(winformui)\c课设c语言部分\c课设c语言部分\c课设c语言部分.cpp(1113): warning C4996: 'strcat': This function or variable may be unsafe. Consider using strcat_s instead. To disable deprecation, use _CRT_SECURE_NO_WARNINGS. See online help for details.
  c:\program files (x86)\windows kits\10\include\10.0.15063.0\ucrt\string.h(93): note: 参见“strcat”的声明
c:\william liu\c课设(winformui)\c课设c语言部分\c课设c语言部分\c课设c语言部分.cpp(1114): warning C4996: 'strcat': This function or variable may be unsafe. Consider using strcat_s instead. To disable deprecation, use _CRT_SECURE_NO_WARNINGS. See online help for details.
  c:\program files (x86)\windows kits\10\include\10.0.15063.0\ucrt\string.h(93): note: 参见“strcat”的声明
c:\william liu\c课设(winformui)\c课设c语言部分\c课设c语言部分\c课设c语言部分.cpp(1115): warning C4996: 'strcat': This function or variable may be unsafe. Consider using strcat_s instead. To disable deprecation, use _CRT_SECURE_NO_WARNINGS. See online help for details.
  c:\program files (x86)\windows kits\10\include\10.0.15063.0\ucrt\string.h(93): note: 参见“strcat”的声明
c:\william liu\c课设(winformui)\c课设c语言部分\c课设c语言部分\c课设c语言部分.cpp(1122): warning C4996: 'fopen': This function or variable may be unsafe. Consider using fopen_s instead. To disable deprecation, use _CRT_SECURE_NO_WARNINGS. See online help for details.
  c:\program files (x86)\windows kits\10\include\10.0.15063.0\ucrt\stdio.h(207): note: 参见“fopen”的声明
c:\william liu\c课设(winformui)\c课设c语言部分\c课设c语言部分\c课设c语言部分.cpp(1413): warning C4244: “=”: 从“int”转换到“float”，可能丢失数据
c:\william liu\c课设(winformui)\c课设c语言部分\c课设c语言部分\c课设c语言部分.cpp(1422): warning C4244: “+=”: 从“double”转换到“float”，可能丢失数据
c:\william liu\c课设(winformui)\c课设c语言部分\c课设c语言部分\c课设c语言部分.cpp(1426): warning C4244: “+=”: 从“double”转换到“float”，可能丢失数据
c:\william liu\c课设(winformui)\c课设c语言部分\c课设c语言部分\c课设c语言部分.cpp(1428): warning C4244: “+=”: 从“double”转换到“float”，可能丢失数据
c:\william liu\c课设(winformui)\c课设c语言部分\c课设c语言部分\c课设c语言部分.cpp(1442): warning C4244: “=”: 从“double”转换到“float”，可能丢失数据
c:\william liu\c课设(winformui)\c课设c语言部分\c课设c语言部分\c课设c语言部分.cpp(1369): warning C4996: 'fopen': This function or variable may be unsafe. Consider using fopen_s instead. To disable deprecation, use _CRT_SECURE_NO_WARNINGS. See online help for details.
  c:\program files (x86)\windows kits\10\include\10.0.15063.0\ucrt\stdio.h(207): note: 参见“fopen”的声明
c:\william liu\c课设(winformui)\c课设c语言部分\c课设c语言部分\c课设c语言部分.cpp(1378): warning C4996: 'fscanf': This function or variable may be unsafe. Consider using fscanf_s instead. To disable deprecation, use _CRT_SECURE_NO_WARNINGS. See online help for details.
  c:\program files (x86)\windows kits\10\include\10.0.15063.0\ucrt\stdio.h(1195): note: 参见“fscanf”的声明
c:\william liu\c课设(winformui)\c课设c语言部分\c课设c语言部分\c课设c语言部分.cpp(1387): warning C4996: 'fopen': This function or variable may be unsafe. Consider using fopen_s instead. To disable deprecation, use _CRT_SECURE_NO_WARNINGS. See online help for details.
  c:\program files (x86)\windows kits\10\include\10.0.15063.0\ucrt\stdio.h(207): note: 参见“fopen”的声明
c:\william liu\c课设(winformui)\c课设c语言部分\c课设c语言部分\c课设c语言部分.cpp(1409): warning C4996: 'strncpy': This function or variable may be unsafe. Consider using strncpy_s instead. To disable deprecation, use _CRT_SECURE_NO_WARNINGS. See online help for details.
  c:\program files (x86)\windows kits\10\include\10.0.15063.0\ucrt\string.h(343): note: 参见“strncpy”的声明
c:\william liu\c课设(winformui)\c课设c语言部分\c课设c语言部分\c课设c语言部分.cpp(1410): warning C4996: 'strncpy': This function or variable may be unsafe. Consider using strncpy_s instead. To disable deprecation, use _CRT_SECURE_NO_WARNINGS. See online help for details.
  c:\program files (x86)\windows kits\10\include\10.0.15063.0\ucrt\string.h(343): note: 参见“strncpy”的声明
c:\william liu\c课设(winformui)\c课设c语言部分\c课设c语言部分\c课设c语言部分.cpp(1411): warning C4996: 'strncpy': This function or variable may be unsafe. Consider using strncpy_s instead. To disable deprecation, use _CRT_SECURE_NO_WARNINGS. See online help for details.
  c:\program files (x86)\windows kits\10\include\10.0.15063.0\ucrt\string.h(343): note: 参见“strncpy”的声明
c:\william liu\c课设(winformui)\c课设c语言部分\c课设c语言部分\c课设c语言部分.cpp(1412): warning C4996: 'strncpy': This function or variable may be unsafe. Consider using strncpy_s instead. To disable deprecation, use _CRT_SECURE_NO_WARNINGS. See online help for details.
  c:\program files (x86)\windows kits\10\include\10.0.15063.0\ucrt\string.h(343): note: 参见“strncpy”的声明
c:\william liu\c课设(winformui)\c课设c语言部分\c课设c语言部分\c课设c语言部分.cpp(1454): warning C4996: 'fopen': This function or variable may be unsafe. Consider using fopen_s instead. To disable deprecation, use _CRT_SECURE_NO_WARNINGS. See online help for details.
  c:\program files (x86)\windows kits\10\include\10.0.15063.0\ucrt\stdio.h(207): note: 参见“fopen”的声明
c:\william liu\c课设(winformui)\c课设c语言部分\c课设c语言部分\c课设c语言部分.cpp(1462): warning C4996: 'fscanf': This function or variable may be unsafe. Consider using fscanf_s instead. To disable deprecation, use _CRT_SECURE_NO_WARNINGS. See online help for details.
  c:\program files (x86)\windows kits\10\include\10.0.15063.0\ucrt\stdio.h(1195): note: 参见“fscanf”的声明
c:\william liu\c课设(winformui)\c课设c语言部分\c课设c语言部分\c课设c语言部分.cpp(1468): warning C4996: 'fopen': This function or variable may be unsafe. Consider using fopen_s instead. To disable deprecation, use _CRT_SECURE_NO_WARNINGS. See online help for details.
  c:\program files (x86)\windows kits\10\include\10.0.15063.0\ucrt\stdio.h(207): note: 参见“fopen”的声明
c:\william liu\c课设(winformui)\c课设c语言部分\c课设c语言部分\c课设c语言部分.cpp(1492): warning C4996: 'fopen': This function or variable may be unsafe. Consider using fopen_s instead. To disable deprecation, use _CRT_SECURE_NO_WARNINGS. See online help for details.
  c:\program files (x86)\windows kits\10\include\10.0.15063.0\ucrt\stdio.h(207): note: 参见“fopen”的声明
c:\william liu\c课设(winformui)\c课设c语言部分\c课设c语言部分\c课设c语言部分.cpp(1499): warning C4996: 'fscanf': This function or variable may be unsafe. Consider using fscanf_s instead. To disable deprecation, use _CRT_SECURE_NO_WARNINGS. See online help for details.
  c:\program files (x86)\windows kits\10\include\10.0.15063.0\ucrt\stdio.h(1195): note: 参见“fscanf”的声明
c:\william liu\c课设(winformui)\c课设c语言部分\c课设c语言部分\c课设c语言部分.cpp(1526): warning C4996: 'strcpy': This function or variable may be unsafe. Consider using strcpy_s instead. To disable deprecation, use _CRT_SECURE_NO_WARNINGS. See online help for details.
  c:\program files (x86)\windows kits\10\include\10.0.15063.0\ucrt\string.h(136): note: 参见“strcpy”的声明
c:\william liu\c课设(winformui)\c课设c语言部分\c课设c语言部分\c课设c语言部分.cpp(1527): warning C4996: 'strcpy': This function or variable may be unsafe. Consider using strcpy_s instead. To disable deprecation, use _CRT_SECURE_NO_WARNINGS. See online help for details.
  c:\program files (x86)\windows kits\10\include\10.0.15063.0\ucrt\string.h(136): note: 参见“strcpy”的声明
c:\william liu\c课设(winformui)\c课设c语言部分\c课设c语言部分\c课设c语言部分.cpp(1689): warning C4244: “=”: 从“double”转换到“float”，可能丢失数据
c:\william liu\c课设(winformui)\c课设c语言部分\c课设c语言部分\c课设c语言部分.cpp(1675): warning C4996: 'strncpy': This function or variable may be unsafe. Consider using strncpy_s instead. To disable deprecation, use _CRT_SECURE_NO_WARNINGS. See online help for details.
  c:\program files (x86)\windows kits\10\include\10.0.15063.0\ucrt\string.h(343): note: 参见“strncpy”的声明
c:\william liu\c课设(winformui)\c课设c语言部分\c课设c语言部分\c课设c语言部分.cpp(1676): warning C4996: 'strncpy': This function or variable may be unsafe. Consider using strncpy_s instead. To disable deprecation, use _CRT_SECURE_NO_WARNINGS. See online help for details.
  c:\program files (x86)\windows kits\10\include\10.0.15063.0\ucrt\string.h(343): note: 参见“strncpy”的声明
c:\william liu\c课设(winformui)\c课设c语言部分\c课设c语言部分\c课设c语言部分.cpp(1677): warning C4996: 'strncpy': This function or variable may be unsafe. Consider using strncpy_s instead. To disable deprecation, use _CRT_SECURE_NO_WARNINGS. See online help for details.
  c:\program files (x86)\windows kits\10\include\10.0.15063.0\ucrt\string.h(343): note: 参见“strncpy”的声明
c:\william liu\c课设(winformui)\c课设c语言部分\c课设c语言部分\c课设c语言部分.cpp(1678): warning C4996: 'strncpy': This function or variable may be unsafe. Consider using strncpy_s instead. To disable deprecation, use _CRT_SECURE_NO_WARNINGS. See online help for details.
  c:\program files (x86)\windows kits\10\include\10.0.15063.0\ucrt\string.h(343): note: 参见“strncpy”的声明
c:\william liu\c课设(winformui)\c课设c语言部分\c课设c语言部分\c课设c语言部分.cpp(1679): warning C4996: 'strncpy': This function or variable may be unsafe. Consider using strncpy_s instead. To disable deprecation, use _CRT_SECURE_NO_WARNINGS. See online help for details.
  c:\program files (x86)\windows kits\10\include\10.0.15063.0\ucrt\string.h(343): note: 参见“strncpy”的声明
c:\william liu\c课设(winformui)\c课设c语言部分\c课设c语言部分\c课设c语言部分.cpp(1680): warning C4996: 'strncpy': This function or variable may be unsafe. Consider using strncpy_s instead. To disable deprecation, use _CRT_SECURE_NO_WARNINGS. See online help for details.
  c:\program files (x86)\windows kits\10\include\10.0.15063.0\ucrt\string.h(343): note: 参见“strncpy”的声明
c:\william liu\c课设(winformui)\c课设c语言部分\c课设c语言部分\c课设c语言部分.cpp(1699): warning C4996: 'fopen': This function or variable may be unsafe. Consider using fopen_s instead. To disable deprecation, use _CRT_SECURE_NO_WARNINGS. See online help for details.
  c:\program files (x86)\windows kits\10\include\10.0.15063.0\ucrt\stdio.h(207): note: 参见“fopen”的声明
  c课设c语言部分.vcxproj -> C:\william liu\c课设(winformUI)\c课设c语言部分\Debug\c课设c语言部分.exe
  c课设c语言部分.vcxproj -> C:\william liu\c课设(winformUI)\c课设c语言部分\Debug\c课设c语言部分.pdb (Partial PDB)
