  c课设c语言部分.cpp
d:\liuwenchang\编程\c语言\c课设\windowsform课设\c课设c语言部分\c课设c语言部分\c课设c语言部分.cpp(82): warning C4996: 'fopen': This function or variable may be unsafe. Consider using fopen_s instead. To disable deprecation, use _CRT_SECURE_NO_WARNINGS. See online help for details.
  c:\program files (x86)\windows kits\10\include\10.0.15063.0\ucrt\stdio.h(207): note: 参见“fopen”的声明
d:\liuwenchang\编程\c语言\c课设\windowsform课设\c课设c语言部分\c课设c语言部分\c课设c语言部分.cpp(88): warning C4996: 'fscanf': This function or variable may be unsafe. Consider using fscanf_s instead. To disable deprecation, use _CRT_SECURE_NO_WARNINGS. See online help for details.
  c:\program files (x86)\windows kits\10\include\10.0.15063.0\ucrt\stdio.h(1195): note: 参见“fscanf”的声明
d:\liuwenchang\编程\c语言\c课设\windowsform课设\c课设c语言部分\c课设c语言部分\c课设c语言部分.cpp(98): warning C4996: 'fscanf': This function or variable may be unsafe. Consider using fscanf_s instead. To disable deprecation, use _CRT_SECURE_NO_WARNINGS. See online help for details.
  c:\program files (x86)\windows kits\10\include\10.0.15063.0\ucrt\stdio.h(1195): note: 参见“fscanf”的声明
d:\liuwenchang\编程\c语言\c课设\windowsform课设\c课设c语言部分\c课设c语言部分\c课设c语言部分.cpp(99): warning C4996: 'fscanf': This function or variable may be unsafe. Consider using fscanf_s instead. To disable deprecation, use _CRT_SECURE_NO_WARNINGS. See online help for details.
  c:\program files (x86)\windows kits\10\include\10.0.15063.0\ucrt\stdio.h(1195): note: 参见“fscanf”的声明
d:\liuwenchang\编程\c语言\c课设\windowsform课设\c课设c语言部分\c课设c语言部分\c课设c语言部分.cpp(100): warning C4996: 'fscanf': This function or variable may be unsafe. Consider using fscanf_s instead. To disable deprecation, use _CRT_SECURE_NO_WARNINGS. See online help for details.
  c:\program files (x86)\windows kits\10\include\10.0.15063.0\ucrt\stdio.h(1195): note: 参见“fscanf”的声明
d:\liuwenchang\编程\c语言\c课设\windowsform课设\c课设c语言部分\c课设c语言部分\c课设c语言部分.cpp(107): warning C4996: 'fopen': This function or variable may be unsafe. Consider using fopen_s instead. To disable deprecation, use _CRT_SECURE_NO_WARNINGS. See online help for details.
  c:\program files (x86)\windows kits\10\include\10.0.15063.0\ucrt\stdio.h(207): note: 参见“fopen”的声明
d:\liuwenchang\编程\c语言\c课设\windowsform课设\c课设c语言部分\c课设c语言部分\c课设c语言部分.cpp(114): warning C4996: 'fscanf': This function or variable may be unsafe. Consider using fscanf_s instead. To disable deprecation, use _CRT_SECURE_NO_WARNINGS. See online help for details.
  c:\program files (x86)\windows kits\10\include\10.0.15063.0\ucrt\stdio.h(1195): note: 参见“fscanf”的声明
d:\liuwenchang\编程\c语言\c课设\windowsform课设\c课设c语言部分\c课设c语言部分\c课设c语言部分.cpp(122): warning C4996: 'strcpy': This function or variable may be unsafe. Consider using strcpy_s instead. To disable deprecation, use _CRT_SECURE_NO_WARNINGS. See online help for details.
  c:\program files (x86)\windows kits\10\include\10.0.15063.0\ucrt\string.h(136): note: 参见“strcpy”的声明
d:\liuwenchang\编程\c语言\c课设\windowsform课设\c课设c语言部分\c课设c语言部分\c课设c语言部分.cpp(124): warning C4996: 'fscanf': This function or variable may be unsafe. Consider using fscanf_s instead. To disable deprecation, use _CRT_SECURE_NO_WARNINGS. See online help for details.
  c:\program files (x86)\windows kits\10\include\10.0.15063.0\ucrt\stdio.h(1195): note: 参见“fscanf”的声明
d:\liuwenchang\编程\c语言\c课设\windowsform课设\c课设c语言部分\c课设c语言部分\c课设c语言部分.cpp(125): warning C4996: 'fscanf': This function or variable may be unsafe. Consider using fscanf_s instead. To disable deprecation, use _CRT_SECURE_NO_WARNINGS. See online help for details.
  c:\program files (x86)\windows kits\10\include\10.0.15063.0\ucrt\stdio.h(1195): note: 参见“fscanf”的声明
d:\liuwenchang\编程\c语言\c课设\windowsform课设\c课设c语言部分\c课设c语言部分\c课设c语言部分.cpp(126): warning C4996: 'fscanf': This function or variable may be unsafe. Consider using fscanf_s instead. To disable deprecation, use _CRT_SECURE_NO_WARNINGS. See online help for details.
  c:\program files (x86)\windows kits\10\include\10.0.15063.0\ucrt\stdio.h(1195): note: 参见“fscanf”的声明
d:\liuwenchang\编程\c语言\c课设\windowsform课设\c课设c语言部分\c课设c语言部分\c课设c语言部分.cpp(127): warning C4996: 'fscanf': This function or variable may be unsafe. Consider using fscanf_s instead. To disable deprecation, use _CRT_SECURE_NO_WARNINGS. See online help for details.
  c:\program files (x86)\windows kits\10\include\10.0.15063.0\ucrt\stdio.h(1195): note: 参见“fscanf”的声明
d:\liuwenchang\编程\c语言\c课设\windowsform课设\c课设c语言部分\c课设c语言部分\c课设c语言部分.cpp(128): warning C4996: 'fscanf': This function or variable may be unsafe. Consider using fscanf_s instead. To disable deprecation, use _CRT_SECURE_NO_WARNINGS. See online help for details.
  c:\program files (x86)\windows kits\10\include\10.0.15063.0\ucrt\stdio.h(1195): note: 参见“fscanf”的声明
d:\liuwenchang\编程\c语言\c课设\windowsform课设\c课设c语言部分\c课设c语言部分\c课设c语言部分.cpp(129): warning C4996: 'fscanf': This function or variable may be unsafe. Consider using fscanf_s instead. To disable deprecation, use _CRT_SECURE_NO_WARNINGS. See online help for details.
  c:\program files (x86)\windows kits\10\include\10.0.15063.0\ucrt\stdio.h(1195): note: 参见“fscanf”的声明
d:\liuwenchang\编程\c语言\c课设\windowsform课设\c课设c语言部分\c课设c语言部分\c课设c语言部分.cpp(130): warning C4996: 'fscanf': This function or variable may be unsafe. Consider using fscanf_s instead. To disable deprecation, use _CRT_SECURE_NO_WARNINGS. See online help for details.
  c:\program files (x86)\windows kits\10\include\10.0.15063.0\ucrt\stdio.h(1195): note: 参见“fscanf”的声明
d:\liuwenchang\编程\c语言\c课设\windowsform课设\c课设c语言部分\c课设c语言部分\c课设c语言部分.cpp(131): warning C4996: 'fscanf': This function or variable may be unsafe. Consider using fscanf_s instead. To disable deprecation, use _CRT_SECURE_NO_WARNINGS. See online help for details.
  c:\program files (x86)\windows kits\10\include\10.0.15063.0\ucrt\stdio.h(1195): note: 参见“fscanf”的声明
d:\liuwenchang\编程\c语言\c课设\windowsform课设\c课设c语言部分\c课设c语言部分\c课设c语言部分.cpp(149): warning C4996: 'fopen': This function or variable may be unsafe. Consider using fopen_s instead. To disable deprecation, use _CRT_SECURE_NO_WARNINGS. See online help for details.
  c:\program files (x86)\windows kits\10\include\10.0.15063.0\ucrt\stdio.h(207): note: 参见“fopen”的声明
d:\liuwenchang\编程\c语言\c课设\windowsform课设\c课设c语言部分\c课设c语言部分\c课设c语言部分.cpp(156): warning C4996: 'fscanf': This function or variable may be unsafe. Consider using fscanf_s instead. To disable deprecation, use _CRT_SECURE_NO_WARNINGS. See online help for details.
  c:\program files (x86)\windows kits\10\include\10.0.15063.0\ucrt\stdio.h(1195): note: 参见“fscanf”的声明
d:\liuwenchang\编程\c语言\c课设\windowsform课设\c课设c语言部分\c课设c语言部分\c课设c语言部分.cpp(164): warning C4996: 'strcpy': This function or variable may be unsafe. Consider using strcpy_s instead. To disable deprecation, use _CRT_SECURE_NO_WARNINGS. See online help for details.
  c:\program files (x86)\windows kits\10\include\10.0.15063.0\ucrt\string.h(136): note: 参见“strcpy”的声明
d:\liuwenchang\编程\c语言\c课设\windowsform课设\c课设c语言部分\c课设c语言部分\c课设c语言部分.cpp(166): warning C4996: 'fscanf': This function or variable may be unsafe. Consider using fscanf_s instead. To disable deprecation, use _CRT_SECURE_NO_WARNINGS. See online help for details.
  c:\program files (x86)\windows kits\10\include\10.0.15063.0\ucrt\stdio.h(1195): note: 参见“fscanf”的声明
d:\liuwenchang\编程\c语言\c课设\windowsform课设\c课设c语言部分\c课设c语言部分\c课设c语言部分.cpp(167): warning C4996: 'fscanf': This function or variable may be unsafe. Consider using fscanf_s instead. To disable deprecation, use _CRT_SECURE_NO_WARNINGS. See online help for details.
  c:\program files (x86)\windows kits\10\include\10.0.15063.0\ucrt\stdio.h(1195): note: 参见“fscanf”的声明
d:\liuwenchang\编程\c语言\c课设\windowsform课设\c课设c语言部分\c课设c语言部分\c课设c语言部分.cpp(168): warning C4996: 'fscanf': This function or variable may be unsafe. Consider using fscanf_s instead. To disable deprecation, use _CRT_SECURE_NO_WARNINGS. See online help for details.
  c:\program files (x86)\windows kits\10\include\10.0.15063.0\ucrt\stdio.h(1195): note: 参见“fscanf”的声明
d:\liuwenchang\编程\c语言\c课设\windowsform课设\c课设c语言部分\c课设c语言部分\c课设c语言部分.cpp(169): warning C4996: 'fscanf': This function or variable may be unsafe. Consider using fscanf_s instead. To disable deprecation, use _CRT_SECURE_NO_WARNINGS. See online help for details.
  c:\program files (x86)\windows kits\10\include\10.0.15063.0\ucrt\stdio.h(1195): note: 参见“fscanf”的声明
d:\liuwenchang\编程\c语言\c课设\windowsform课设\c课设c语言部分\c课设c语言部分\c课设c语言部分.cpp(170): warning C4996: 'fscanf': This function or variable may be unsafe. Consider using fscanf_s instead. To disable deprecation, use _CRT_SECURE_NO_WARNINGS. See online help for details.
  c:\program files (x86)\windows kits\10\include\10.0.15063.0\ucrt\stdio.h(1195): note: 参见“fscanf”的声明
d:\liuwenchang\编程\c语言\c课设\windowsform课设\c课设c语言部分\c课设c语言部分\c课设c语言部分.cpp(244): warning C4996: 'fopen': This function or variable may be unsafe. Consider using fopen_s instead. To disable deprecation, use _CRT_SECURE_NO_WARNINGS. See online help for details.
  c:\program files (x86)\windows kits\10\include\10.0.15063.0\ucrt\stdio.h(207): note: 参见“fopen”的声明
d:\liuwenchang\编程\c语言\c课设\windowsform课设\c课设c语言部分\c课设c语言部分\c课设c语言部分.cpp(260): warning C4996: 'fopen': This function or variable may be unsafe. Consider using fopen_s instead. To disable deprecation, use _CRT_SECURE_NO_WARNINGS. See online help for details.
  c:\program files (x86)\windows kits\10\include\10.0.15063.0\ucrt\stdio.h(207): note: 参见“fopen”的声明
d:\liuwenchang\编程\c语言\c课设\windowsform课设\c课设c语言部分\c课设c语言部分\c课设c语言部分.cpp(265): warning C4996: 'fscanf': This function or variable may be unsafe. Consider using fscanf_s instead. To disable deprecation, use _CRT_SECURE_NO_WARNINGS. See online help for details.
  c:\program files (x86)\windows kits\10\include\10.0.15063.0\ucrt\stdio.h(1195): note: 参见“fscanf”的声明
d:\liuwenchang\编程\c语言\c课设\windowsform课设\c课设c语言部分\c课设c语言部分\c课设c语言部分.cpp(296): warning C4996: 'fopen': This function or variable may be unsafe. Consider using fopen_s instead. To disable deprecation, use _CRT_SECURE_NO_WARNINGS. See online help for details.
  c:\program files (x86)\windows kits\10\include\10.0.15063.0\ucrt\stdio.h(207): note: 参见“fopen”的声明
d:\liuwenchang\编程\c语言\c课设\windowsform课设\c课设c语言部分\c课设c语言部分\c课设c语言部分.cpp(303): warning C4996: 'fscanf': This function or variable may be unsafe. Consider using fscanf_s instead. To disable deprecation, use _CRT_SECURE_NO_WARNINGS. See online help for details.
  c:\program files (x86)\windows kits\10\include\10.0.15063.0\ucrt\stdio.h(1195): note: 参见“fscanf”的声明
d:\liuwenchang\编程\c语言\c课设\windowsform课设\c课设c语言部分\c课设c语言部分\c课设c语言部分.cpp(304): warning C4996: 'fscanf': This function or variable may be unsafe. Consider using fscanf_s instead. To disable deprecation, use _CRT_SECURE_NO_WARNINGS. See online help for details.
  c:\program files (x86)\windows kits\10\include\10.0.15063.0\ucrt\stdio.h(1195): note: 参见“fscanf”的声明
d:\liuwenchang\编程\c语言\c课设\windowsform课设\c课设c语言部分\c课设c语言部分\c课设c语言部分.cpp(319): warning C4996: 'fscanf': This function or variable may be unsafe. Consider using fscanf_s instead. To disable deprecation, use _CRT_SECURE_NO_WARNINGS. See online help for details.
  c:\program files (x86)\windows kits\10\include\10.0.15063.0\ucrt\stdio.h(1195): note: 参见“fscanf”的声明
d:\liuwenchang\编程\c语言\c课设\windowsform课设\c课设c语言部分\c课设c语言部分\c课设c语言部分.cpp(323): warning C4996: 'fscanf': This function or variable may be unsafe. Consider using fscanf_s instead. To disable deprecation, use _CRT_SECURE_NO_WARNINGS. See online help for details.
  c:\program files (x86)\windows kits\10\include\10.0.15063.0\ucrt\stdio.h(1195): note: 参见“fscanf”的声明
d:\liuwenchang\编程\c语言\c课设\windowsform课设\c课设c语言部分\c课设c语言部分\c课设c语言部分.cpp(327): warning C4996: 'fscanf': This function or variable may be unsafe. Consider using fscanf_s instead. To disable deprecation, use _CRT_SECURE_NO_WARNINGS. See online help for details.
  c:\program files (x86)\windows kits\10\include\10.0.15063.0\ucrt\stdio.h(1195): note: 参见“fscanf”的声明
d:\liuwenchang\编程\c语言\c课设\windowsform课设\c课设c语言部分\c课设c语言部分\c课设c语言部分.cpp(331): warning C4996: 'fscanf': This function or variable may be unsafe. Consider using fscanf_s instead. To disable deprecation, use _CRT_SECURE_NO_WARNINGS. See online help for details.
  c:\program files (x86)\windows kits\10\include\10.0.15063.0\ucrt\stdio.h(1195): note: 参见“fscanf”的声明
d:\liuwenchang\编程\c语言\c课设\windowsform课设\c课设c语言部分\c课设c语言部分\c课设c语言部分.cpp(339): warning C4996: 'fopen': This function or variable may be unsafe. Consider using fopen_s instead. To disable deprecation, use _CRT_SECURE_NO_WARNINGS. See online help for details.
  c:\program files (x86)\windows kits\10\include\10.0.15063.0\ucrt\stdio.h(207): note: 参见“fopen”的声明
d:\liuwenchang\编程\c语言\c课设\windowsform课设\c课设c语言部分\c课设c语言部分\c课设c语言部分.cpp(363): warning C4996: 'fopen': This function or variable may be unsafe. Consider using fopen_s instead. To disable deprecation, use _CRT_SECURE_NO_WARNINGS. See online help for details.
  c:\program files (x86)\windows kits\10\include\10.0.15063.0\ucrt\stdio.h(207): note: 参见“fopen”的声明
d:\liuwenchang\编程\c语言\c课设\windowsform课设\c课设c语言部分\c课设c语言部分\c课设c语言部分.cpp(369): warning C4996: 'fscanf': This function or variable may be unsafe. Consider using fscanf_s instead. To disable deprecation, use _CRT_SECURE_NO_WARNINGS. See online help for details.
  c:\program files (x86)\windows kits\10\include\10.0.15063.0\ucrt\stdio.h(1195): note: 参见“fscanf”的声明
d:\liuwenchang\编程\c语言\c课设\windowsform课设\c课设c语言部分\c课设c语言部分\c课设c语言部分.cpp(404): warning C4996: 'fopen': This function or variable may be unsafe. Consider using fopen_s instead. To disable deprecation, use _CRT_SECURE_NO_WARNINGS. See online help for details.
  c:\program files (x86)\windows kits\10\include\10.0.15063.0\ucrt\stdio.h(207): note: 参见“fopen”的声明
d:\liuwenchang\编程\c语言\c课设\windowsform课设\c课设c语言部分\c课设c语言部分\c课设c语言部分.cpp(413): warning C4996: 'fscanf': This function or variable may be unsafe. Consider using fscanf_s instead. To disable deprecation, use _CRT_SECURE_NO_WARNINGS. See online help for details.
  c:\program files (x86)\windows kits\10\include\10.0.15063.0\ucrt\stdio.h(1195): note: 参见“fscanf”的声明
d:\liuwenchang\编程\c语言\c课设\windowsform课设\c课设c语言部分\c课设c语言部分\c课设c语言部分.cpp(414): warning C4996: 'fscanf': This function or variable may be unsafe. Consider using fscanf_s instead. To disable deprecation, use _CRT_SECURE_NO_WARNINGS. See online help for details.
  c:\program files (x86)\windows kits\10\include\10.0.15063.0\ucrt\stdio.h(1195): note: 参见“fscanf”的声明
d:\liuwenchang\编程\c语言\c课设\windowsform课设\c课设c语言部分\c课设c语言部分\c课设c语言部分.cpp(415): warning C4996: 'fscanf': This function or variable may be unsafe. Consider using fscanf_s instead. To disable deprecation, use _CRT_SECURE_NO_WARNINGS. See online help for details.
  c:\program files (x86)\windows kits\10\include\10.0.15063.0\ucrt\stdio.h(1195): note: 参见“fscanf”的声明
d:\liuwenchang\编程\c语言\c课设\windowsform课设\c课设c语言部分\c课设c语言部分\c课设c语言部分.cpp(427): warning C4996: 'fscanf': This function or variable may be unsafe. Consider using fscanf_s instead. To disable deprecation, use _CRT_SECURE_NO_WARNINGS. See online help for details.
  c:\program files (x86)\windows kits\10\include\10.0.15063.0\ucrt\stdio.h(1195): note: 参见“fscanf”的声明
d:\liuwenchang\编程\c语言\c课设\windowsform课设\c课设c语言部分\c课设c语言部分\c课设c语言部分.cpp(432): warning C4996: 'fscanf': This function or variable may be unsafe. Consider using fscanf_s instead. To disable deprecation, use _CRT_SECURE_NO_WARNINGS. See online help for details.
  c:\program files (x86)\windows kits\10\include\10.0.15063.0\ucrt\stdio.h(1195): note: 参见“fscanf”的声明
d:\liuwenchang\编程\c语言\c课设\windowsform课设\c课设c语言部分\c课设c语言部分\c课设c语言部分.cpp(437): warning C4996: 'fscanf': This function or variable may be unsafe. Consider using fscanf_s instead. To disable deprecation, use _CRT_SECURE_NO_WARNINGS. See online help for details.
  c:\program files (x86)\windows kits\10\include\10.0.15063.0\ucrt\stdio.h(1195): note: 参见“fscanf”的声明
d:\liuwenchang\编程\c语言\c课设\windowsform课设\c课设c语言部分\c课设c语言部分\c课设c语言部分.cpp(442): warning C4996: 'fscanf': This function or variable may be unsafe. Consider using fscanf_s instead. To disable deprecation, use _CRT_SECURE_NO_WARNINGS. See online help for details.
  c:\program files (x86)\windows kits\10\include\10.0.15063.0\ucrt\stdio.h(1195): note: 参见“fscanf”的声明
d:\liuwenchang\编程\c语言\c课设\windowsform课设\c课设c语言部分\c课设c语言部分\c课设c语言部分.cpp(447): warning C4996: 'fscanf': This function or variable may be unsafe. Consider using fscanf_s instead. To disable deprecation, use _CRT_SECURE_NO_WARNINGS. See online help for details.
  c:\program files (x86)\windows kits\10\include\10.0.15063.0\ucrt\stdio.h(1195): note: 参见“fscanf”的声明
d:\liuwenchang\编程\c语言\c课设\windowsform课设\c课设c语言部分\c课设c语言部分\c课设c语言部分.cpp(452): warning C4996: 'fscanf': This function or variable may be unsafe. Consider using fscanf_s instead. To disable deprecation, use _CRT_SECURE_NO_WARNINGS. See online help for details.
  c:\program files (x86)\windows kits\10\include\10.0.15063.0\ucrt\stdio.h(1195): note: 参见“fscanf”的声明
d:\liuwenchang\编程\c语言\c课设\windowsform课设\c课设c语言部分\c课设c语言部分\c课设c语言部分.cpp(457): warning C4996: 'fscanf': This function or variable may be unsafe. Consider using fscanf_s instead. To disable deprecation, use _CRT_SECURE_NO_WARNINGS. See online help for details.
  c:\program files (x86)\windows kits\10\include\10.0.15063.0\ucrt\stdio.h(1195): note: 参见“fscanf”的声明
d:\liuwenchang\编程\c语言\c课设\windowsform课设\c课设c语言部分\c课设c语言部分\c课设c语言部分.cpp(476): warning C4996: 'fopen': This function or variable may be unsafe. Consider using fopen_s instead. To disable deprecation, use _CRT_SECURE_NO_WARNINGS. See online help for details.
  c:\program files (x86)\windows kits\10\include\10.0.15063.0\ucrt\stdio.h(207): note: 参见“fopen”的声明
d:\liuwenchang\编程\c语言\c课设\windowsform课设\c课设c语言部分\c课设c语言部分\c课设c语言部分.cpp(507): warning C4996: 'fopen': This function or variable may be unsafe. Consider using fopen_s instead. To disable deprecation, use _CRT_SECURE_NO_WARNINGS. See online help for details.
  c:\program files (x86)\windows kits\10\include\10.0.15063.0\ucrt\stdio.h(207): note: 参见“fopen”的声明
d:\liuwenchang\编程\c语言\c课设\windowsform课设\c课设c语言部分\c课设c语言部分\c课设c语言部分.cpp(513): warning C4996: 'fscanf': This function or variable may be unsafe. Consider using fscanf_s instead. To disable deprecation, use _CRT_SECURE_NO_WARNINGS. See online help for details.
  c:\program files (x86)\windows kits\10\include\10.0.15063.0\ucrt\stdio.h(1195): note: 参见“fscanf”的声明
d:\liuwenchang\编程\c语言\c课设\windowsform课设\c课设c语言部分\c课设c语言部分\c课设c语言部分.cpp(554): warning C4996: 'fopen': This function or variable may be unsafe. Consider using fopen_s instead. To disable deprecation, use _CRT_SECURE_NO_WARNINGS. See online help for details.
  c:\program files (x86)\windows kits\10\include\10.0.15063.0\ucrt\stdio.h(207): note: 参见“fopen”的声明
d:\liuwenchang\编程\c语言\c课设\windowsform课设\c课设c语言部分\c课设c语言部分\c课设c语言部分.cpp(563): warning C4996: 'fscanf': This function or variable may be unsafe. Consider using fscanf_s instead. To disable deprecation, use _CRT_SECURE_NO_WARNINGS. See online help for details.
  c:\program files (x86)\windows kits\10\include\10.0.15063.0\ucrt\stdio.h(1195): note: 参见“fscanf”的声明
d:\liuwenchang\编程\c语言\c课设\windowsform课设\c课设c语言部分\c课设c语言部分\c课设c语言部分.cpp(564): warning C4996: 'fscanf': This function or variable may be unsafe. Consider using fscanf_s instead. To disable deprecation, use _CRT_SECURE_NO_WARNINGS. See online help for details.
  c:\program files (x86)\windows kits\10\include\10.0.15063.0\ucrt\stdio.h(1195): note: 参见“fscanf”的声明
d:\liuwenchang\编程\c语言\c课设\windowsform课设\c课设c语言部分\c课设c语言部分\c课设c语言部分.cpp(565): warning C4996: 'fscanf': This function or variable may be unsafe. Consider using fscanf_s instead. To disable deprecation, use _CRT_SECURE_NO_WARNINGS. See online help for details.
  c:\program files (x86)\windows kits\10\include\10.0.15063.0\ucrt\stdio.h(1195): note: 参见“fscanf”的声明
d:\liuwenchang\编程\c语言\c课设\windowsform课设\c课设c语言部分\c课设c语言部分\c课设c语言部分.cpp(581): warning C4996: 'fscanf': This function or variable may be unsafe. Consider using fscanf_s instead. To disable deprecation, use _CRT_SECURE_NO_WARNINGS. See online help for details.
  c:\program files (x86)\windows kits\10\include\10.0.15063.0\ucrt\stdio.h(1195): note: 参见“fscanf”的声明
d:\liuwenchang\编程\c语言\c课设\windowsform课设\c课设c语言部分\c课设c语言部分\c课设c语言部分.cpp(586): warning C4996: 'fscanf': This function or variable may be unsafe. Consider using fscanf_s instead. To disable deprecation, use _CRT_SECURE_NO_WARNINGS. See online help for details.
  c:\program files (x86)\windows kits\10\include\10.0.15063.0\ucrt\stdio.h(1195): note: 参见“fscanf”的声明
d:\liuwenchang\编程\c语言\c课设\windowsform课设\c课设c语言部分\c课设c语言部分\c课设c语言部分.cpp(591): warning C4996: 'fscanf': This function or variable may be unsafe. Consider using fscanf_s instead. To disable deprecation, use _CRT_SECURE_NO_WARNINGS. See online help for details.
  c:\program files (x86)\windows kits\10\include\10.0.15063.0\ucrt\stdio.h(1195): note: 参见“fscanf”的声明
d:\liuwenchang\编程\c语言\c课设\windowsform课设\c课设c语言部分\c课设c语言部分\c课设c语言部分.cpp(596): warning C4996: 'fscanf': This function or variable may be unsafe. Consider using fscanf_s instead. To disable deprecation, use _CRT_SECURE_NO_WARNINGS. See online help for details.
  c:\program files (x86)\windows kits\10\include\10.0.15063.0\ucrt\stdio.h(1195): note: 参见“fscanf”的声明
d:\liuwenchang\编程\c语言\c课设\windowsform课设\c课设c语言部分\c课设c语言部分\c课设c语言部分.cpp(601): warning C4996: 'fscanf': This function or variable may be unsafe. Consider using fscanf_s instead. To disable deprecation, use _CRT_SECURE_NO_WARNINGS. See online help for details.
  c:\program files (x86)\windows kits\10\include\10.0.15063.0\ucrt\stdio.h(1195): note: 参见“fscanf”的声明
d:\liuwenchang\编程\c语言\c课设\windowsform课设\c课设c语言部分\c课设c语言部分\c课设c语言部分.cpp(606): warning C4996: 'fscanf': This function or variable may be unsafe. Consider using fscanf_s instead. To disable deprecation, use _CRT_SECURE_NO_WARNINGS. See online help for details.
  c:\program files (x86)\windows kits\10\include\10.0.15063.0\ucrt\stdio.h(1195): note: 参见“fscanf”的声明
d:\liuwenchang\编程\c语言\c课设\windowsform课设\c课设c语言部分\c课设c语言部分\c课设c语言部分.cpp(611): warning C4996: 'fscanf': This function or variable may be unsafe. Consider using fscanf_s instead. To disable deprecation, use _CRT_SECURE_NO_WARNINGS. See online help for details.
  c:\program files (x86)\windows kits\10\include\10.0.15063.0\ucrt\stdio.h(1195): note: 参见“fscanf”的声明
d:\liuwenchang\编程\c语言\c课设\windowsform课设\c课设c语言部分\c课设c语言部分\c课设c语言部分.cpp(616): warning C4996: 'fscanf': This function or variable may be unsafe. Consider using fscanf_s instead. To disable deprecation, use _CRT_SECURE_NO_WARNINGS. See online help for details.
  c:\program files (x86)\windows kits\10\include\10.0.15063.0\ucrt\stdio.h(1195): note: 参见“fscanf”的声明
d:\liuwenchang\编程\c语言\c课设\windowsform课设\c课设c语言部分\c课设c语言部分\c课设c语言部分.cpp(621): warning C4996: 'fscanf': This function or variable may be unsafe. Consider using fscanf_s instead. To disable deprecation, use _CRT_SECURE_NO_WARNINGS. See online help for details.
  c:\program files (x86)\windows kits\10\include\10.0.15063.0\ucrt\stdio.h(1195): note: 参见“fscanf”的声明
d:\liuwenchang\编程\c语言\c课设\windowsform课设\c课设c语言部分\c课设c语言部分\c课设c语言部分.cpp(646): warning C4996: 'fopen': This function or variable may be unsafe. Consider using fopen_s instead. To disable deprecation, use _CRT_SECURE_NO_WARNINGS. See online help for details.
  c:\program files (x86)\windows kits\10\include\10.0.15063.0\ucrt\stdio.h(207): note: 参见“fopen”的声明
d:\liuwenchang\编程\c语言\c课设\windowsform课设\c课设c语言部分\c课设c语言部分\c课设c语言部分.cpp(653): warning C4996: 'fscanf': This function or variable may be unsafe. Consider using fscanf_s instead. To disable deprecation, use _CRT_SECURE_NO_WARNINGS. See online help for details.
  c:\program files (x86)\windows kits\10\include\10.0.15063.0\ucrt\stdio.h(1195): note: 参见“fscanf”的声明
d:\liuwenchang\编程\c语言\c课设\windowsform课设\c课设c语言部分\c课设c语言部分\c课设c语言部分.cpp(666): warning C4996: 'fopen': This function or variable may be unsafe. Consider using fopen_s instead. To disable deprecation, use _CRT_SECURE_NO_WARNINGS. See online help for details.
  c:\program files (x86)\windows kits\10\include\10.0.15063.0\ucrt\stdio.h(207): note: 参见“fopen”的声明
d:\liuwenchang\编程\c语言\c课设\windowsform课设\c课设c语言部分\c课设c语言部分\c课设c语言部分.cpp(682): warning C4996: 'fopen': This function or variable may be unsafe. Consider using fopen_s instead. To disable deprecation, use _CRT_SECURE_NO_WARNINGS. See online help for details.
  c:\program files (x86)\windows kits\10\include\10.0.15063.0\ucrt\stdio.h(207): note: 参见“fopen”的声明
d:\liuwenchang\编程\c语言\c课设\windowsform课设\c课设c语言部分\c课设c语言部分\c课设c语言部分.cpp(691): warning C4996: 'fscanf': This function or variable may be unsafe. Consider using fscanf_s instead. To disable deprecation, use _CRT_SECURE_NO_WARNINGS. See online help for details.
  c:\program files (x86)\windows kits\10\include\10.0.15063.0\ucrt\stdio.h(1195): note: 参见“fscanf”的声明
d:\liuwenchang\编程\c语言\c课设\windowsform课设\c课设c语言部分\c课设c语言部分\c课设c语言部分.cpp(702): warning C4996: 'fopen': This function or variable may be unsafe. Consider using fopen_s instead. To disable deprecation, use _CRT_SECURE_NO_WARNINGS. See online help for details.
  c:\program files (x86)\windows kits\10\include\10.0.15063.0\ucrt\stdio.h(207): note: 参见“fopen”的声明
d:\liuwenchang\编程\c语言\c课设\windowsform课设\c课设c语言部分\c课设c语言部分\c课设c语言部分.cpp(714): warning C4996: 'strcpy': This function or variable may be unsafe. Consider using strcpy_s instead. To disable deprecation, use _CRT_SECURE_NO_WARNINGS. See online help for details.
  c:\program files (x86)\windows kits\10\include\10.0.15063.0\ucrt\string.h(136): note: 参见“strcpy”的声明
d:\liuwenchang\编程\c语言\c课设\windowsform课设\c课设c语言部分\c课设c语言部分\c课设c语言部分.cpp(718): warning C4996: 'strcpy': This function or variable may be unsafe. Consider using strcpy_s instead. To disable deprecation, use _CRT_SECURE_NO_WARNINGS. See online help for details.
  c:\program files (x86)\windows kits\10\include\10.0.15063.0\ucrt\string.h(136): note: 参见“strcpy”的声明
d:\liuwenchang\编程\c语言\c课设\windowsform课设\c课设c语言部分\c课设c语言部分\c课设c语言部分.cpp(723): warning C4996: 'strcpy': This function or variable may be unsafe. Consider using strcpy_s instead. To disable deprecation, use _CRT_SECURE_NO_WARNINGS. See online help for details.
  c:\program files (x86)\windows kits\10\include\10.0.15063.0\ucrt\string.h(136): note: 参见“strcpy”的声明
d:\liuwenchang\编程\c语言\c课设\windowsform课设\c课设c语言部分\c课设c语言部分\c课设c语言部分.cpp(727): warning C4996: 'strcpy': This function or variable may be unsafe. Consider using strcpy_s instead. To disable deprecation, use _CRT_SECURE_NO_WARNINGS. See online help for details.
  c:\program files (x86)\windows kits\10\include\10.0.15063.0\ucrt\string.h(136): note: 参见“strcpy”的声明
d:\liuwenchang\编程\c语言\c课设\windowsform课设\c课设c语言部分\c课设c语言部分\c课设c语言部分.cpp(741): warning C4996: 'fopen': This function or variable may be unsafe. Consider using fopen_s instead. To disable deprecation, use _CRT_SECURE_NO_WARNINGS. See online help for details.
  c:\program files (x86)\windows kits\10\include\10.0.15063.0\ucrt\stdio.h(207): note: 参见“fopen”的声明
d:\liuwenchang\编程\c语言\c课设\windowsform课设\c课设c语言部分\c课设c语言部分\c课设c语言部分.cpp(750): warning C4996: 'fscanf': This function or variable may be unsafe. Consider using fscanf_s instead. To disable deprecation, use _CRT_SECURE_NO_WARNINGS. See online help for details.
  c:\program files (x86)\windows kits\10\include\10.0.15063.0\ucrt\stdio.h(1195): note: 参见“fscanf”的声明
d:\liuwenchang\编程\c语言\c课设\windowsform课设\c课设c语言部分\c课设c语言部分\c课设c语言部分.cpp(751): warning C4996: 'fscanf': This function or variable may be unsafe. Consider using fscanf_s instead. To disable deprecation, use _CRT_SECURE_NO_WARNINGS. See online help for details.
  c:\program files (x86)\windows kits\10\include\10.0.15063.0\ucrt\stdio.h(1195): note: 参见“fscanf”的声明
d:\liuwenchang\编程\c语言\c课设\windowsform课设\c课设c语言部分\c课设c语言部分\c课设c语言部分.cpp(752): warning C4996: 'fscanf': This function or variable may be unsafe. Consider using fscanf_s instead. To disable deprecation, use _CRT_SECURE_NO_WARNINGS. See online help for details.
  c:\program files (x86)\windows kits\10\include\10.0.15063.0\ucrt\stdio.h(1195): note: 参见“fscanf”的声明
d:\liuwenchang\编程\c语言\c课设\windowsform课设\c课设c语言部分\c课设c语言部分\c课设c语言部分.cpp(756): warning C4996: 'fopen': This function or variable may be unsafe. Consider using fopen_s instead. To disable deprecation, use _CRT_SECURE_NO_WARNINGS. See online help for details.
  c:\program files (x86)\windows kits\10\include\10.0.15063.0\ucrt\stdio.h(207): note: 参见“fopen”的声明
d:\liuwenchang\编程\c语言\c课设\windowsform课设\c课设c语言部分\c课设c语言部分\c课设c语言部分.cpp(783): warning C4996: 'strcpy': This function or variable may be unsafe. Consider using strcpy_s instead. To disable deprecation, use _CRT_SECURE_NO_WARNINGS. See online help for details.
  c:\program files (x86)\windows kits\10\include\10.0.15063.0\ucrt\string.h(136): note: 参见“strcpy”的声明
d:\liuwenchang\编程\c语言\c课设\windowsform课设\c课设c语言部分\c课设c语言部分\c课设c语言部分.cpp(787): warning C4996: 'strcpy': This function or variable may be unsafe. Consider using strcpy_s instead. To disable deprecation, use _CRT_SECURE_NO_WARNINGS. See online help for details.
  c:\program files (x86)\windows kits\10\include\10.0.15063.0\ucrt\string.h(136): note: 参见“strcpy”的声明
d:\liuwenchang\编程\c语言\c课设\windowsform课设\c课设c语言部分\c课设c语言部分\c课设c语言部分.cpp(792): warning C4996: 'strcpy': This function or variable may be unsafe. Consider using strcpy_s instead. To disable deprecation, use _CRT_SECURE_NO_WARNINGS. See online help for details.
  c:\program files (x86)\windows kits\10\include\10.0.15063.0\ucrt\string.h(136): note: 参见“strcpy”的声明
d:\liuwenchang\编程\c语言\c课设\windowsform课设\c课设c语言部分\c课设c语言部分\c课设c语言部分.cpp(796): warning C4996: 'strcpy': This function or variable may be unsafe. Consider using strcpy_s instead. To disable deprecation, use _CRT_SECURE_NO_WARNINGS. See online help for details.
  c:\program files (x86)\windows kits\10\include\10.0.15063.0\ucrt\string.h(136): note: 参见“strcpy”的声明
d:\liuwenchang\编程\c语言\c课设\windowsform课设\c课设c语言部分\c课设c语言部分\c课设c语言部分.cpp(810): warning C4996: 'fopen': This function or variable may be unsafe. Consider using fopen_s instead. To disable deprecation, use _CRT_SECURE_NO_WARNINGS. See online help for details.
  c:\program files (x86)\windows kits\10\include\10.0.15063.0\ucrt\stdio.h(207): note: 参见“fopen”的声明
d:\liuwenchang\编程\c语言\c课设\windowsform课设\c课设c语言部分\c课设c语言部分\c课设c语言部分.cpp(817): warning C4996: 'fscanf': This function or variable may be unsafe. Consider using fscanf_s instead. To disable deprecation, use _CRT_SECURE_NO_WARNINGS. See online help for details.
  c:\program files (x86)\windows kits\10\include\10.0.15063.0\ucrt\stdio.h(1195): note: 参见“fscanf”的声明
d:\liuwenchang\编程\c语言\c课设\windowsform课设\c课设c语言部分\c课设c语言部分\c课设c语言部分.cpp(832): warning C4996: 'fopen': This function or variable may be unsafe. Consider using fopen_s instead. To disable deprecation, use _CRT_SECURE_NO_WARNINGS. See online help for details.
  c:\program files (x86)\windows kits\10\include\10.0.15063.0\ucrt\stdio.h(207): note: 参见“fopen”的声明
d:\liuwenchang\编程\c语言\c课设\windowsform课设\c课设c语言部分\c课设c语言部分\c课设c语言部分.cpp(869): warning C4996: 'fopen': This function or variable may be unsafe. Consider using fopen_s instead. To disable deprecation, use _CRT_SECURE_NO_WARNINGS. See online help for details.
  c:\program files (x86)\windows kits\10\include\10.0.15063.0\ucrt\stdio.h(207): note: 参见“fopen”的声明
d:\liuwenchang\编程\c语言\c课设\windowsform课设\c课设c语言部分\c课设c语言部分\c课设c语言部分.cpp(878): warning C4996: 'fscanf': This function or variable may be unsafe. Consider using fscanf_s instead. To disable deprecation, use _CRT_SECURE_NO_WARNINGS. See online help for details.
  c:\program files (x86)\windows kits\10\include\10.0.15063.0\ucrt\stdio.h(1195): note: 参见“fscanf”的声明
d:\liuwenchang\编程\c语言\c课设\windowsform课设\c课设c语言部分\c课设c语言部分\c课设c语言部分.cpp(879): warning C4996: 'fscanf': This function or variable may be unsafe. Consider using fscanf_s instead. To disable deprecation, use _CRT_SECURE_NO_WARNINGS. See online help for details.
  c:\program files (x86)\windows kits\10\include\10.0.15063.0\ucrt\stdio.h(1195): note: 参见“fscanf”的声明
d:\liuwenchang\编程\c语言\c课设\windowsform课设\c课设c语言部分\c课设c语言部分\c课设c语言部分.cpp(880): warning C4996: 'fscanf': This function or variable may be unsafe. Consider using fscanf_s instead. To disable deprecation, use _CRT_SECURE_NO_WARNINGS. See online help for details.
  c:\program files (x86)\windows kits\10\include\10.0.15063.0\ucrt\stdio.h(1195): note: 参见“fscanf”的声明
d:\liuwenchang\编程\c语言\c课设\windowsform课设\c课设c语言部分\c课设c语言部分\c课设c语言部分.cpp(885): warning C4996: 'fopen': This function or variable may be unsafe. Consider using fopen_s instead. To disable deprecation, use _CRT_SECURE_NO_WARNINGS. See online help for details.
  c:\program files (x86)\windows kits\10\include\10.0.15063.0\ucrt\stdio.h(207): note: 参见“fopen”的声明
d:\liuwenchang\编程\c语言\c课设\windowsform课设\c课设c语言部分\c课设c语言部分\c课设c语言部分.cpp(933): warning C4996: 'fopen': This function or variable may be unsafe. Consider using fopen_s instead. To disable deprecation, use _CRT_SECURE_NO_WARNINGS. See online help for details.
  c:\program files (x86)\windows kits\10\include\10.0.15063.0\ucrt\stdio.h(207): note: 参见“fopen”的声明
d:\liuwenchang\编程\c语言\c课设\windowsform课设\c课设c语言部分\c课设c语言部分\c课设c语言部分.cpp(994): warning C4996: 'fopen': This function or variable may be unsafe. Consider using fopen_s instead. To disable deprecation, use _CRT_SECURE_NO_WARNINGS. See online help for details.
  c:\program files (x86)\windows kits\10\include\10.0.15063.0\ucrt\stdio.h(207): note: 参见“fopen”的声明
d:\liuwenchang\编程\c语言\c课设\windowsform课设\c课设c语言部分\c课设c语言部分\c课设c语言部分.cpp(1000): warning C4996: 'fscanf': This function or variable may be unsafe. Consider using fscanf_s instead. To disable deprecation, use _CRT_SECURE_NO_WARNINGS. See online help for details.
  c:\program files (x86)\windows kits\10\include\10.0.15063.0\ucrt\stdio.h(1195): note: 参见“fscanf”的声明
d:\liuwenchang\编程\c语言\c课设\windowsform课设\c课设c语言部分\c课设c语言部分\c课设c语言部分.cpp(1002): warning C4996: 'strcpy': This function or variable may be unsafe. Consider using strcpy_s instead. To disable deprecation, use _CRT_SECURE_NO_WARNINGS. See online help for details.
  c:\program files (x86)\windows kits\10\include\10.0.15063.0\ucrt\string.h(136): note: 参见“strcpy”的声明
d:\liuwenchang\编程\c语言\c课设\windowsform课设\c课设c语言部分\c课设c语言部分\c课设c语言部分.cpp(1003): warning C4996: 'strcpy': This function or variable may be unsafe. Consider using strcpy_s instead. To disable deprecation, use _CRT_SECURE_NO_WARNINGS. See online help for details.
  c:\program files (x86)\windows kits\10\include\10.0.15063.0\ucrt\string.h(136): note: 参见“strcpy”的声明
d:\liuwenchang\编程\c语言\c课设\windowsform课设\c课设c语言部分\c课设c语言部分\c课设c语言部分.cpp(1004): warning C4996: 'strcpy': This function or variable may be unsafe. Consider using strcpy_s instead. To disable deprecation, use _CRT_SECURE_NO_WARNINGS. See online help for details.
  c:\program files (x86)\windows kits\10\include\10.0.15063.0\ucrt\string.h(136): note: 参见“strcpy”的声明
d:\liuwenchang\编程\c语言\c课设\windowsform课设\c课设c语言部分\c课设c语言部分\c课设c语言部分.cpp(1005): warning C4996: 'strcpy': This function or variable may be unsafe. Consider using strcpy_s instead. To disable deprecation, use _CRT_SECURE_NO_WARNINGS. See online help for details.
  c:\program files (x86)\windows kits\10\include\10.0.15063.0\ucrt\string.h(136): note: 参见“strcpy”的声明
d:\liuwenchang\编程\c语言\c课设\windowsform课设\c课设c语言部分\c课设c语言部分\c课设c语言部分.cpp(1006): warning C4996: 'strcpy': This function or variable may be unsafe. Consider using strcpy_s instead. To disable deprecation, use _CRT_SECURE_NO_WARNINGS. See online help for details.
  c:\program files (x86)\windows kits\10\include\10.0.15063.0\ucrt\string.h(136): note: 参见“strcpy”的声明
d:\liuwenchang\编程\c语言\c课设\windowsform课设\c课设c语言部分\c课设c语言部分\c课设c语言部分.cpp(1007): warning C4996: 'strcpy': This function or variable may be unsafe. Consider using strcpy_s instead. To disable deprecation, use _CRT_SECURE_NO_WARNINGS. See online help for details.
  c:\program files (x86)\windows kits\10\include\10.0.15063.0\ucrt\string.h(136): note: 参见“strcpy”的声明
d:\liuwenchang\编程\c语言\c课设\windowsform课设\c课设c语言部分\c课设c语言部分\c课设c语言部分.cpp(1008): warning C4996: 'strcpy': This function or variable may be unsafe. Consider using strcpy_s instead. To disable deprecation, use _CRT_SECURE_NO_WARNINGS. See online help for details.
  c:\program files (x86)\windows kits\10\include\10.0.15063.0\ucrt\string.h(136): note: 参见“strcpy”的声明
d:\liuwenchang\编程\c语言\c课设\windowsform课设\c课设c语言部分\c课设c语言部分\c课设c语言部分.cpp(1009): warning C4996: 'strcpy': This function or variable may be unsafe. Consider using strcpy_s instead. To disable deprecation, use _CRT_SECURE_NO_WARNINGS. See online help for details.
  c:\program files (x86)\windows kits\10\include\10.0.15063.0\ucrt\string.h(136): note: 参见“strcpy”的声明
d:\liuwenchang\编程\c语言\c课设\windowsform课设\c课设c语言部分\c课设c语言部分\c课设c语言部分.cpp(1010): warning C4996: 'strcpy': This function or variable may be unsafe. Consider using strcpy_s instead. To disable deprecation, use _CRT_SECURE_NO_WARNINGS. See online help for details.
  c:\program files (x86)\windows kits\10\include\10.0.15063.0\ucrt\string.h(136): note: 参见“strcpy”的声明
d:\liuwenchang\编程\c语言\c课设\windowsform课设\c课设c语言部分\c课设c语言部分\c课设c语言部分.cpp(1011): warning C4996: 'strcpy': This function or variable may be unsafe. Consider using strcpy_s instead. To disable deprecation, use _CRT_SECURE_NO_WARNINGS. See online help for details.
  c:\program files (x86)\windows kits\10\include\10.0.15063.0\ucrt\string.h(136): note: 参见“strcpy”的声明
d:\liuwenchang\编程\c语言\c课设\windowsform课设\c课设c语言部分\c课设c语言部分\c课设c语言部分.cpp(1012): warning C4996: 'strcpy': This function or variable may be unsafe. Consider using strcpy_s instead. To disable deprecation, use _CRT_SECURE_NO_WARNINGS. See online help for details.
  c:\program files (x86)\windows kits\10\include\10.0.15063.0\ucrt\string.h(136): note: 参见“strcpy”的声明
d:\liuwenchang\编程\c语言\c课设\windowsform课设\c课设c语言部分\c课设c语言部分\c课设c语言部分.cpp(1013): warning C4996: 'strcpy': This function or variable may be unsafe. Consider using strcpy_s instead. To disable deprecation, use _CRT_SECURE_NO_WARNINGS. See online help for details.
  c:\program files (x86)\windows kits\10\include\10.0.15063.0\ucrt\string.h(136): note: 参见“strcpy”的声明
d:\liuwenchang\编程\c语言\c课设\windowsform课设\c课设c语言部分\c课设c语言部分\c课设c语言部分.cpp(1014): warning C4996: 'strcpy': This function or variable may be unsafe. Consider using strcpy_s instead. To disable deprecation, use _CRT_SECURE_NO_WARNINGS. See online help for details.
  c:\program files (x86)\windows kits\10\include\10.0.15063.0\ucrt\string.h(136): note: 参见“strcpy”的声明
d:\liuwenchang\编程\c语言\c课设\windowsform课设\c课设c语言部分\c课设c语言部分\c课设c语言部分.cpp(1015): warning C4996: 'strcat': This function or variable may be unsafe. Consider using strcat_s instead. To disable deprecation, use _CRT_SECURE_NO_WARNINGS. See online help for details.
  c:\program files (x86)\windows kits\10\include\10.0.15063.0\ucrt\string.h(93): note: 参见“strcat”的声明
d:\liuwenchang\编程\c语言\c课设\windowsform课设\c课设c语言部分\c课设c语言部分\c课设c语言部分.cpp(1016): warning C4996: 'strcat': This function or variable may be unsafe. Consider using strcat_s instead. To disable deprecation, use _CRT_SECURE_NO_WARNINGS. See online help for details.
  c:\program files (x86)\windows kits\10\include\10.0.15063.0\ucrt\string.h(93): note: 参见“strcat”的声明
d:\liuwenchang\编程\c语言\c课设\windowsform课设\c课设c语言部分\c课设c语言部分\c课设c语言部分.cpp(1017): warning C4996: 'strcat': This function or variable may be unsafe. Consider using strcat_s instead. To disable deprecation, use _CRT_SECURE_NO_WARNINGS. See online help for details.
  c:\program files (x86)\windows kits\10\include\10.0.15063.0\ucrt\string.h(93): note: 参见“strcat”的声明
d:\liuwenchang\编程\c语言\c课设\windowsform课设\c课设c语言部分\c课设c语言部分\c课设c语言部分.cpp(1018): warning C4996: 'strcat': This function or variable may be unsafe. Consider using strcat_s instead. To disable deprecation, use _CRT_SECURE_NO_WARNINGS. See online help for details.
  c:\program files (x86)\windows kits\10\include\10.0.15063.0\ucrt\string.h(93): note: 参见“strcat”的声明
d:\liuwenchang\编程\c语言\c课设\windowsform课设\c课设c语言部分\c课设c语言部分\c课设c语言部分.cpp(1019): warning C4996: 'strcat': This function or variable may be unsafe. Consider using strcat_s instead. To disable deprecation, use _CRT_SECURE_NO_WARNINGS. See online help for details.
  c:\program files (x86)\windows kits\10\include\10.0.15063.0\ucrt\string.h(93): note: 参见“strcat”的声明
d:\liuwenchang\编程\c语言\c课设\windowsform课设\c课设c语言部分\c课设c语言部分\c课设c语言部分.cpp(1020): warning C4996: 'strcat': This function or variable may be unsafe. Consider using strcat_s instead. To disable deprecation, use _CRT_SECURE_NO_WARNINGS. See online help for details.
  c:\program files (x86)\windows kits\10\include\10.0.15063.0\ucrt\string.h(93): note: 参见“strcat”的声明
d:\liuwenchang\编程\c语言\c课设\windowsform课设\c课设c语言部分\c课设c语言部分\c课设c语言部分.cpp(1021): warning C4996: 'strcat': This function or variable may be unsafe. Consider using strcat_s instead. To disable deprecation, use _CRT_SECURE_NO_WARNINGS. See online help for details.
  c:\program files (x86)\windows kits\10\include\10.0.15063.0\ucrt\string.h(93): note: 参见“strcat”的声明
d:\liuwenchang\编程\c语言\c课设\windowsform课设\c课设c语言部分\c课设c语言部分\c课设c语言部分.cpp(1022): warning C4996: 'strcat': This function or variable may be unsafe. Consider using strcat_s instead. To disable deprecation, use _CRT_SECURE_NO_WARNINGS. See online help for details.
  c:\program files (x86)\windows kits\10\include\10.0.15063.0\ucrt\string.h(93): note: 参见“strcat”的声明
d:\liuwenchang\编程\c语言\c课设\windowsform课设\c课设c语言部分\c课设c语言部分\c课设c语言部分.cpp(1023): warning C4996: 'strcat': This function or variable may be unsafe. Consider using strcat_s instead. To disable deprecation, use _CRT_SECURE_NO_WARNINGS. See online help for details.
  c:\program files (x86)\windows kits\10\include\10.0.15063.0\ucrt\string.h(93): note: 参见“strcat”的声明
d:\liuwenchang\编程\c语言\c课设\windowsform课设\c课设c语言部分\c课设c语言部分\c课设c语言部分.cpp(1024): warning C4996: 'strcat': This function or variable may be unsafe. Consider using strcat_s instead. To disable deprecation, use _CRT_SECURE_NO_WARNINGS. See online help for details.
  c:\program files (x86)\windows kits\10\include\10.0.15063.0\ucrt\string.h(93): note: 参见“strcat”的声明
d:\liuwenchang\编程\c语言\c课设\windowsform课设\c课设c语言部分\c课设c语言部分\c课设c语言部分.cpp(1025): warning C4996: 'strcat': This function or variable may be unsafe. Consider using strcat_s instead. To disable deprecation, use _CRT_SECURE_NO_WARNINGS. See online help for details.
  c:\program files (x86)\windows kits\10\include\10.0.15063.0\ucrt\string.h(93): note: 参见“strcat”的声明
d:\liuwenchang\编程\c语言\c课设\windowsform课设\c课设c语言部分\c课设c语言部分\c课设c语言部分.cpp(1026): warning C4996: 'strcat': This function or variable may be unsafe. Consider using strcat_s instead. To disable deprecation, use _CRT_SECURE_NO_WARNINGS. See online help for details.
  c:\program files (x86)\windows kits\10\include\10.0.15063.0\ucrt\string.h(93): note: 参见“strcat”的声明
d:\liuwenchang\编程\c语言\c课设\windowsform课设\c课设c语言部分\c课设c语言部分\c课设c语言部分.cpp(1027): warning C4996: 'strcat': This function or variable may be unsafe. Consider using strcat_s instead. To disable deprecation, use _CRT_SECURE_NO_WARNINGS. See online help for details.
  c:\program files (x86)\windows kits\10\include\10.0.15063.0\ucrt\string.h(93): note: 参见“strcat”的声明
d:\liuwenchang\编程\c语言\c课设\windowsform课设\c课设c语言部分\c课设c语言部分\c课设c语言部分.cpp(1034): warning C4996: 'fopen': This function or variable may be unsafe. Consider using fopen_s instead. To disable deprecation, use _CRT_SECURE_NO_WARNINGS. See online help for details.
  c:\program files (x86)\windows kits\10\include\10.0.15063.0\ucrt\stdio.h(207): note: 参见“fopen”的声明
d:\liuwenchang\编程\c语言\c课设\windowsform课设\c课设c语言部分\c课设c语言部分\c课设c语言部分.cpp(1323): warning C4244: “+=”: 从“double”转换到“float”，可能丢失数据
d:\liuwenchang\编程\c语言\c课设\windowsform课设\c课设c语言部分\c课设c语言部分\c课设c语言部分.cpp(1336): warning C4244: “=”: 从“double”转换到“float”，可能丢失数据
d:\liuwenchang\编程\c语言\c课设\windowsform课设\c课设c语言部分\c课设c语言部分\c课设c语言部分.cpp(1280): warning C4996: 'fopen': This function or variable may be unsafe. Consider using fopen_s instead. To disable deprecation, use _CRT_SECURE_NO_WARNINGS. See online help for details.
  c:\program files (x86)\windows kits\10\include\10.0.15063.0\ucrt\stdio.h(207): note: 参见“fopen”的声明
d:\liuwenchang\编程\c语言\c课设\windowsform课设\c课设c语言部分\c课设c语言部分\c课设c语言部分.cpp(1286): warning C4996: 'fscanf': This function or variable may be unsafe. Consider using fscanf_s instead. To disable deprecation, use _CRT_SECURE_NO_WARNINGS. See online help for details.
  c:\program files (x86)\windows kits\10\include\10.0.15063.0\ucrt\stdio.h(1195): note: 参见“fscanf”的声明
d:\liuwenchang\编程\c语言\c课设\windowsform课设\c课设c语言部分\c课设c语言部分\c课设c语言部分.cpp(1288): warning C4996: 'strcpy': This function or variable may be unsafe. Consider using strcpy_s instead. To disable deprecation, use _CRT_SECURE_NO_WARNINGS. See online help for details.
  c:\program files (x86)\windows kits\10\include\10.0.15063.0\ucrt\string.h(136): note: 参见“strcpy”的声明
d:\liuwenchang\编程\c语言\c课设\windowsform课设\c课设c语言部分\c课设c语言部分\c课设c语言部分.cpp(1289): warning C4996: 'strcat': This function or variable may be unsafe. Consider using strcat_s instead. To disable deprecation, use _CRT_SECURE_NO_WARNINGS. See online help for details.
  c:\program files (x86)\windows kits\10\include\10.0.15063.0\ucrt\string.h(93): note: 参见“strcat”的声明
d:\liuwenchang\编程\c语言\c课设\windowsform课设\c课设c语言部分\c课设c语言部分\c课设c语言部分.cpp(1296): warning C4996: 'fopen': This function or variable may be unsafe. Consider using fopen_s instead. To disable deprecation, use _CRT_SECURE_NO_WARNINGS. See online help for details.
  c:\program files (x86)\windows kits\10\include\10.0.15063.0\ucrt\stdio.h(207): note: 参见“fopen”的声明
d:\liuwenchang\编程\c语言\c课设\windowsform课设\c课设c语言部分\c课设c语言部分\c课设c语言部分.cpp(1347): warning C4996: 'fopen': This function or variable may be unsafe. Consider using fopen_s instead. To disable deprecation, use _CRT_SECURE_NO_WARNINGS. See online help for details.
  c:\program files (x86)\windows kits\10\include\10.0.15063.0\ucrt\stdio.h(207): note: 参见“fopen”的声明
d:\liuwenchang\编程\c语言\c课设\windowsform课设\c课设c语言部分\c课设c语言部分\c课设c语言部分.cpp(1353): warning C4996: 'fscanf': This function or variable may be unsafe. Consider using fscanf_s instead. To disable deprecation, use _CRT_SECURE_NO_WARNINGS. See online help for details.
  c:\program files (x86)\windows kits\10\include\10.0.15063.0\ucrt\stdio.h(1195): note: 参见“fscanf”的声明
d:\liuwenchang\编程\c语言\c课设\windowsform课设\c课设c语言部分\c课设c语言部分\c课设c语言部分.cpp(1359): warning C4996: 'fopen': This function or variable may be unsafe. Consider using fopen_s instead. To disable deprecation, use _CRT_SECURE_NO_WARNINGS. See online help for details.
  c:\program files (x86)\windows kits\10\include\10.0.15063.0\ucrt\stdio.h(207): note: 参见“fopen”的声明
d:\liuwenchang\编程\c语言\c课设\windowsform课设\c课设c语言部分\c课设c语言部分\c课设c语言部分.cpp(1382): warning C4996: 'fopen': This function or variable may be unsafe. Consider using fopen_s instead. To disable deprecation, use _CRT_SECURE_NO_WARNINGS. See online help for details.
  c:\program files (x86)\windows kits\10\include\10.0.15063.0\ucrt\stdio.h(207): note: 参见“fopen”的声明
d:\liuwenchang\编程\c语言\c课设\windowsform课设\c课设c语言部分\c课设c语言部分\c课设c语言部分.cpp(1387): warning C4996: 'fscanf': This function or variable may be unsafe. Consider using fscanf_s instead. To disable deprecation, use _CRT_SECURE_NO_WARNINGS. See online help for details.
  c:\program files (x86)\windows kits\10\include\10.0.15063.0\ucrt\stdio.h(1195): note: 参见“fscanf”的声明
d:\liuwenchang\编程\c语言\c课设\windowsform课设\c课设c语言部分\c课设c语言部分\c课设c语言部分.cpp(1414): warning C4996: 'strcpy': This function or variable may be unsafe. Consider using strcpy_s instead. To disable deprecation, use _CRT_SECURE_NO_WARNINGS. See online help for details.
  c:\program files (x86)\windows kits\10\include\10.0.15063.0\ucrt\string.h(136): note: 参见“strcpy”的声明
d:\liuwenchang\编程\c语言\c课设\windowsform课设\c课设c语言部分\c课设c语言部分\c课设c语言部分.cpp(1415): warning C4996: 'strcpy': This function or variable may be unsafe. Consider using strcpy_s instead. To disable deprecation, use _CRT_SECURE_NO_WARNINGS. See online help for details.
  c:\program files (x86)\windows kits\10\include\10.0.15063.0\ucrt\string.h(136): note: 参见“strcpy”的声明
d:\liuwenchang\编程\c语言\c课设\windowsform课设\c课设c语言部分\c课设c语言部分\c课设c语言部分.cpp(1486): warning C4244: “=”: 从“double”转换到“float”，可能丢失数据
d:\liuwenchang\编程\c语言\c课设\windowsform课设\c课设c语言部分\c课设c语言部分\c课设c语言部分.cpp(1473): warning C4996: 'strncpy': This function or variable may be unsafe. Consider using strncpy_s instead. To disable deprecation, use _CRT_SECURE_NO_WARNINGS. See online help for details.
  c:\program files (x86)\windows kits\10\include\10.0.15063.0\ucrt\string.h(343): note: 参见“strncpy”的声明
d:\liuwenchang\编程\c语言\c课设\windowsform课设\c课设c语言部分\c课设c语言部分\c课设c语言部分.cpp(1474): warning C4996: 'strncpy': This function or variable may be unsafe. Consider using strncpy_s instead. To disable deprecation, use _CRT_SECURE_NO_WARNINGS. See online help for details.
  c:\program files (x86)\windows kits\10\include\10.0.15063.0\ucrt\string.h(343): note: 参见“strncpy”的声明
d:\liuwenchang\编程\c语言\c课设\windowsform课设\c课设c语言部分\c课设c语言部分\c课设c语言部分.cpp(1475): warning C4996: 'strncpy': This function or variable may be unsafe. Consider using strncpy_s instead. To disable deprecation, use _CRT_SECURE_NO_WARNINGS. See online help for details.
  c:\program files (x86)\windows kits\10\include\10.0.15063.0\ucrt\string.h(343): note: 参见“strncpy”的声明
d:\liuwenchang\编程\c语言\c课设\windowsform课设\c课设c语言部分\c课设c语言部分\c课设c语言部分.cpp(1476): warning C4996: 'strncpy': This function or variable may be unsafe. Consider using strncpy_s instead. To disable deprecation, use _CRT_SECURE_NO_WARNINGS. See online help for details.
  c:\program files (x86)\windows kits\10\include\10.0.15063.0\ucrt\string.h(343): note: 参见“strncpy”的声明
d:\liuwenchang\编程\c语言\c课设\windowsform课设\c课设c语言部分\c课设c语言部分\c课设c语言部分.cpp(1477): warning C4996: 'strncpy': This function or variable may be unsafe. Consider using strncpy_s instead. To disable deprecation, use _CRT_SECURE_NO_WARNINGS. See online help for details.
  c:\program files (x86)\windows kits\10\include\10.0.15063.0\ucrt\string.h(343): note: 参见“strncpy”的声明
d:\liuwenchang\编程\c语言\c课设\windowsform课设\c课设c语言部分\c课设c语言部分\c课设c语言部分.cpp(1478): warning C4996: 'strncpy': This function or variable may be unsafe. Consider using strncpy_s instead. To disable deprecation, use _CRT_SECURE_NO_WARNINGS. See online help for details.
  c:\program files (x86)\windows kits\10\include\10.0.15063.0\ucrt\string.h(343): note: 参见“strncpy”的声明
d:\liuwenchang\编程\c语言\c课设\windowsform课设\c课设c语言部分\c课设c语言部分\c课设c语言部分.cpp(1495): warning C4996: 'fopen': This function or variable may be unsafe. Consider using fopen_s instead. To disable deprecation, use _CRT_SECURE_NO_WARNINGS. See online help for details.
  c:\program files (x86)\windows kits\10\include\10.0.15063.0\ucrt\stdio.h(207): note: 参见“fopen”的声明
  c课设c语言部分.vcxproj -> D:\liuwenchang\编程\c语言\c课设\windowsform课设\c课设c语言部分\Debug\c课设c语言部分.exe
  c课设c语言部分.vcxproj -> D:\liuwenchang\编程\c语言\c课设\windowsform课设\c课设c语言部分\Debug\c课设c语言部分.pdb (Partial PDB)
